[1.324s] Invoking command in '/home/kunal-jazzy/edge_ws/src/robot_control': DEBUGINFOD_URLS=https://debuginfod.ubuntu.com PYTHONPATH=/home/kunal-jazzy/edge_ws/build/robot_control/prefix_override:/usr/lib/python3/dist-packages/colcon_core/task/python/colcon_distutils_commands:/home/kunal-jazzy/edge_ws/install/robot_control/lib/python3.12/site-packages:${PYTHONPATH} /usr/bin/python3 -W ignore:setup.py install is deprecated -W ignore:easy_install command is deprecated setup.py egg_info --egg-base ../../build/robot_control build --build-base /home/kunal-jazzy/edge_ws/build/robot_control/build install --record /home/kunal-jazzy/edge_ws/build/robot_control/install.log --single-version-externally-managed install_data
[1.657s] running egg_info
[1.679s] writing ../../build/robot_control/robot_control.egg-info/PKG-INFO
[1.679s] writing dependency_links to ../../build/robot_control/robot_control.egg-info/dependency_links.txt
[1.679s] writing entry points to ../../build/robot_control/robot_control.egg-info/entry_points.txt
[1.679s] writing requirements to ../../build/robot_control/robot_control.egg-info/requires.txt
[1.679s] writing top-level names to ../../build/robot_control/robot_control.egg-info/top_level.txt
[1.727s] reading manifest file '../../build/robot_control/robot_control.egg-info/SOURCES.txt'
[1.727s] adding license file 'LICENSE'
[1.727s] writing manifest file '../../build/robot_control/robot_control.egg-info/SOURCES.txt'
[1.728s] running build
[1.728s] running build_py
[1.728s] running install
[1.736s] running install_lib
[1.758s] running install_data
[1.758s] running install_egg_info
[1.782s] removing '/home/kunal-jazzy/edge_ws/install/robot_control/lib/python3.12/site-packages/robot_control-0.0.0-py3.12.egg-info' (and everything under it)
[1.782s] Copying ../../build/robot_control/robot_control.egg-info to /home/kunal-jazzy/edge_ws/install/robot_control/lib/python3.12/site-packages/robot_control-0.0.0-py3.12.egg-info
[1.784s] running install_scripts
[1.934s] Installing edge_avoid script to /home/kunal-jazzy/edge_ws/install/robot_control/lib/robot_control
[1.934s] writing list of installed files to '/home/kunal-jazzy/edge_ws/build/robot_control/install.log'
[1.971s] Invoked command in '/home/kunal-jazzy/edge_ws/src/robot_control' returned '0': DEBUGINFOD_URLS=https://debuginfod.ubuntu.com PYTHONPATH=/home/kunal-jazzy/edge_ws/build/robot_control/prefix_override:/usr/lib/python3/dist-packages/colcon_core/task/python/colcon_distutils_commands:/home/kunal-jazzy/edge_ws/install/robot_control/lib/python3.12/site-packages:${PYTHONPATH} /usr/bin/python3 -W ignore:setup.py install is deprecated -W ignore:easy_install command is deprecated setup.py egg_info --egg-base ../../build/robot_control build --build-base /home/kunal-jazzy/edge_ws/build/robot_control/build install --record /home/kunal-jazzy/edge_ws/build/robot_control/install.log --single-version-externally-managed install_data
