[0.121s] DEBUG:colcon:Command line arguments: ['/usr/bin/colcon', 'build']
[0.121s] DEBUG:colcon:Parsed command line arguments: Namespace(log_base=None, log_level=None, verb_name='build', build_base='build', install_base='install', merge_install=False, symlink_install=False, test_result_base=None, continue_on_error=False, executor='parallel', parallel_workers=12, event_handlers=None, ignore_user_meta=False, metas=['./colcon.meta'], base_paths=['.'], packages_ignore=None, packages_ignore_regex=None, paths=None, packages_up_to=None, packages_up_to_regex=None, packages_above=None, packages_above_and_dependencies=None, packages_above_depth=None, packages_select_by_dep=None, packages_skip_by_dep=None, packages_skip_up_to=None, packages_select_build_failed=False, packages_skip_build_finished=False, packages_select_test_failures=False, packages_skip_test_passed=False, packages_select=None, packages_skip=None, packages_select_regex=None, packages_skip_regex=None, packages_start=None, packages_end=None, allow_overriding=[], cmake_args=None, cmake_target=None, cmake_target_skip_unavailable=False, cmake_clean_cache=False, cmake_clean_first=False, cmake_force_configure=False, ament_cmake_args=None, catkin_cmake_args=None, catkin_skip_building_tests=False, verb_parser=<colcon_defaults.argument_parser.defaults.DefaultArgumentsDecorator object at 0x7fb41f47ec90>, verb_extension=<colcon_core.verb.build.BuildVerb object at 0x7fb41f424ce0>, main=<bound method BuildVerb.main of <colcon_core.verb.build.BuildVerb object at 0x7fb41f424ce0>>)
[0.166s] Level 1:colcon.colcon_core.package_discovery:discover_packages(colcon_meta) check parameters
[0.167s] Level 1:colcon.colcon_core.package_discovery:discover_packages(recursive) check parameters
[0.167s] Level 1:colcon.colcon_core.package_discovery:discover_packages(ignore) check parameters
[0.167s] Level 1:colcon.colcon_core.package_discovery:discover_packages(path) check parameters
[0.167s] Level 1:colcon.colcon_core.package_discovery:discover_packages(colcon_meta) discover
[0.167s] Level 1:colcon.colcon_core.package_discovery:discover_packages(recursive) discover
[0.167s] INFO:colcon.colcon_core.package_discovery:Crawling recursively for packages in '/home/kunal-jazzy/edge_ws'
[0.167s] Level 1:colcon.colcon_core.package_identification:_identify(.) by extensions ['ignore', 'ignore_ament_install']
[0.167s] Level 1:colcon.colcon_core.package_identification:_identify(.) by extension 'ignore'
[0.167s] Level 1:colcon.colcon_core.package_identification:_identify(.) by extension 'ignore_ament_install'
[0.167s] Level 1:colcon.colcon_core.package_identification:_identify(.) by extensions ['colcon_pkg']
[0.167s] Level 1:colcon.colcon_core.package_identification:_identify(.) by extension 'colcon_pkg'
[0.167s] Level 1:colcon.colcon_core.package_identification:_identify(.) by extensions ['colcon_meta']
[0.167s] Level 1:colcon.colcon_core.package_identification:_identify(.) by extension 'colcon_meta'
[0.167s] Level 1:colcon.colcon_core.package_identification:_identify(.) by extensions ['ros']
[0.167s] Level 1:colcon.colcon_core.package_identification:_identify(.) by extension 'ros'
[0.198s] Level 1:colcon.colcon_core.package_identification:_identify(.) by extensions ['cmake', 'python']
[0.199s] Level 1:colcon.colcon_core.package_identification:_identify(.) by extension 'cmake'
[0.199s] Level 1:colcon.colcon_core.package_identification:_identify(.) by extension 'python'
[0.199s] Level 1:colcon.colcon_core.package_identification:_identify(.) by extensions ['python_setup_py']
[0.199s] Level 1:colcon.colcon_core.package_identification:_identify(.) by extension 'python_setup_py'
[0.199s] Level 1:colcon.colcon_core.package_identification:_identify(build) by extensions ['ignore', 'ignore_ament_install']
[0.199s] Level 1:colcon.colcon_core.package_identification:_identify(build) by extension 'ignore'
[0.199s] Level 1:colcon.colcon_core.package_identification:_identify(build) ignored
[0.199s] Level 1:colcon.colcon_core.package_identification:_identify(install) by extensions ['ignore', 'ignore_ament_install']
[0.199s] Level 1:colcon.colcon_core.package_identification:_identify(install) by extension 'ignore'
[0.199s] Level 1:colcon.colcon_core.package_identification:_identify(install) ignored
[0.200s] Level 1:colcon.colcon_core.package_identification:_identify(log) by extensions ['ignore', 'ignore_ament_install']
[0.200s] Level 1:colcon.colcon_core.package_identification:_identify(log) by extension 'ignore'
[0.200s] Level 1:colcon.colcon_core.package_identification:_identify(log) ignored
[0.200s] Level 1:colcon.colcon_core.package_identification:_identify(src) by extensions ['ignore', 'ignore_ament_install']
[0.200s] Level 1:colcon.colcon_core.package_identification:_identify(src) by extension 'ignore'
[0.200s] Level 1:colcon.colcon_core.package_identification:_identify(src) by extension 'ignore_ament_install'
[0.200s] Level 1:colcon.colcon_core.package_identification:_identify(src) by extensions ['colcon_pkg']
[0.200s] Level 1:colcon.colcon_core.package_identification:_identify(src) by extension 'colcon_pkg'
[0.200s] Level 1:colcon.colcon_core.package_identification:_identify(src) by extensions ['colcon_meta']
[0.200s] Level 1:colcon.colcon_core.package_identification:_identify(src) by extension 'colcon_meta'
[0.200s] Level 1:colcon.colcon_core.package_identification:_identify(src) by extensions ['ros']
[0.200s] Level 1:colcon.colcon_core.package_identification:_identify(src) by extension 'ros'
[0.200s] Level 1:colcon.colcon_core.package_identification:_identify(src) by extensions ['cmake', 'python']
[0.200s] Level 1:colcon.colcon_core.package_identification:_identify(src) by extension 'cmake'
[0.200s] Level 1:colcon.colcon_core.package_identification:_identify(src) by extension 'python'
[0.200s] Level 1:colcon.colcon_core.package_identification:_identify(src) by extensions ['python_setup_py']
[0.200s] Level 1:colcon.colcon_core.package_identification:_identify(src) by extension 'python_setup_py'
[0.200s] Level 1:colcon.colcon_core.package_identification:_identify(src/edge_robot_bringup) by extensions ['ignore', 'ignore_ament_install']
[0.200s] Level 1:colcon.colcon_core.package_identification:_identify(src/edge_robot_bringup) by extension 'ignore'
[0.201s] Level 1:colcon.colcon_core.package_identification:_identify(src/edge_robot_bringup) by extension 'ignore_ament_install'
[0.201s] Level 1:colcon.colcon_core.package_identification:_identify(src/edge_robot_bringup) by extensions ['colcon_pkg']
[0.201s] Level 1:colcon.colcon_core.package_identification:_identify(src/edge_robot_bringup) by extension 'colcon_pkg'
[0.201s] Level 1:colcon.colcon_core.package_identification:_identify(src/edge_robot_bringup) by extensions ['colcon_meta']
[0.201s] Level 1:colcon.colcon_core.package_identification:_identify(src/edge_robot_bringup) by extension 'colcon_meta'
[0.201s] Level 1:colcon.colcon_core.package_identification:_identify(src/edge_robot_bringup) by extensions ['ros']
[0.201s] Level 1:colcon.colcon_core.package_identification:_identify(src/edge_robot_bringup) by extension 'ros'
[0.204s] DEBUG:colcon.colcon_core.package_identification:Package 'src/edge_robot_bringup' with type 'ros.ament_cmake' and name 'edge_robot_bringup'
[0.204s] Level 1:colcon.colcon_core.package_identification:_identify(src/edge_robot_description) by extensions ['ignore', 'ignore_ament_install']
[0.204s] Level 1:colcon.colcon_core.package_identification:_identify(src/edge_robot_description) by extension 'ignore'
[0.204s] Level 1:colcon.colcon_core.package_identification:_identify(src/edge_robot_description) by extension 'ignore_ament_install'
[0.204s] Level 1:colcon.colcon_core.package_identification:_identify(src/edge_robot_description) by extensions ['colcon_pkg']
[0.204s] Level 1:colcon.colcon_core.package_identification:_identify(src/edge_robot_description) by extension 'colcon_pkg'
[0.204s] Level 1:colcon.colcon_core.package_identification:_identify(src/edge_robot_description) by extensions ['colcon_meta']
[0.204s] Level 1:colcon.colcon_core.package_identification:_identify(src/edge_robot_description) by extension 'colcon_meta'
[0.204s] Level 1:colcon.colcon_core.package_identification:_identify(src/edge_robot_description) by extensions ['ros']
[0.204s] Level 1:colcon.colcon_core.package_identification:_identify(src/edge_robot_description) by extension 'ros'
[0.205s] DEBUG:colcon.colcon_core.package_identification:Package 'src/edge_robot_description' with type 'ros.ament_cmake' and name 'edge_robot_description'
[0.205s] Level 1:colcon.colcon_core.package_identification:_identify(src/edge_ws) by extensions ['ignore', 'ignore_ament_install']
[0.205s] Level 1:colcon.colcon_core.package_identification:_identify(src/edge_ws) by extension 'ignore'
[0.205s] Level 1:colcon.colcon_core.package_identification:_identify(src/edge_ws) by extension 'ignore_ament_install'
[0.205s] Level 1:colcon.colcon_core.package_identification:_identify(src/edge_ws) by extensions ['colcon_pkg']
[0.205s] Level 1:colcon.colcon_core.package_identification:_identify(src/edge_ws) by extension 'colcon_pkg'
[0.205s] Level 1:colcon.colcon_core.package_identification:_identify(src/edge_ws) by extensions ['colcon_meta']
[0.205s] Level 1:colcon.colcon_core.package_identification:_identify(src/edge_ws) by extension 'colcon_meta'
[0.205s] Level 1:colcon.colcon_core.package_identification:_identify(src/edge_ws) by extensions ['ros']
[0.205s] Level 1:colcon.colcon_core.package_identification:_identify(src/edge_ws) by extension 'ros'
[0.206s] DEBUG:colcon.colcon_core.package_identification:Package 'src/edge_ws' with type 'ros.ament_cmake' and name 'edge_ws'
[0.206s] Level 1:colcon.colcon_core.package_discovery:discover_packages(recursive) using defaults
[0.206s] Level 1:colcon.colcon_core.package_discovery:discover_packages(ignore) discover
[0.206s] Level 1:colcon.colcon_core.package_discovery:discover_packages(ignore) using defaults
[0.206s] Level 1:colcon.colcon_core.package_discovery:discover_packages(path) discover
[0.206s] Level 1:colcon.colcon_core.package_discovery:discover_packages(path) using defaults
[0.228s] Level 1:colcon.colcon_core.package_discovery:discover_packages(prefix_path) check parameters
[0.228s] Level 1:colcon.colcon_core.package_discovery:discover_packages(prefix_path) discover
[0.230s] DEBUG:colcon.colcon_installed_package_information.package_discovery:Found 3 installed packages in /home/kunal-jazzy/edge_ws/install
[0.231s] DEBUG:colcon.colcon_installed_package_information.package_discovery:Found 4 installed packages in /home/kunal-jazzy/ROS2-Camera-Visualization/install
[0.231s] DEBUG:colcon.colcon_installed_package_information.package_discovery:Found 10 installed packages in /home/kunal-jazzy/ros2_ws/install
[0.232s] DEBUG:colcon.colcon_installed_package_information.package_discovery:Found 2 installed packages in /home/kunal-jazzy/ros2_arm/install
[0.234s] DEBUG:colcon.colcon_installed_package_information.package_discovery:Found 500 installed packages in /opt/ros/jazzy
[0.237s] Level 1:colcon.colcon_core.package_discovery:discover_packages(prefix_path) using defaults
[0.305s] Level 5:colcon.colcon_core.verb:set package 'edge_robot_description' build argument 'cmake_args' from command line to 'None'
[0.305s] Level 5:colcon.colcon_core.verb:set package 'edge_robot_description' build argument 'cmake_target' from command line to 'None'
[0.305s] Level 5:colcon.colcon_core.verb:set package 'edge_robot_description' build argument 'cmake_target_skip_unavailable' from command line to 'False'
[0.305s] Level 5:colcon.colcon_core.verb:set package 'edge_robot_description' build argument 'cmake_clean_cache' from command line to 'False'
[0.305s] Level 5:colcon.colcon_core.verb:set package 'edge_robot_description' build argument 'cmake_clean_first' from command line to 'False'
[0.305s] Level 5:colcon.colcon_core.verb:set package 'edge_robot_description' build argument 'cmake_force_configure' from command line to 'False'
[0.306s] Level 5:colcon.colcon_core.verb:set package 'edge_robot_description' build argument 'ament_cmake_args' from command line to 'None'
[0.306s] Level 5:colcon.colcon_core.verb:set package 'edge_robot_description' build argument 'catkin_cmake_args' from command line to 'None'
[0.306s] Level 5:colcon.colcon_core.verb:set package 'edge_robot_description' build argument 'catkin_skip_building_tests' from command line to 'False'
[0.306s] DEBUG:colcon.colcon_core.verb:Building package 'edge_robot_description' with the following arguments: {'ament_cmake_args': None, 'build_base': '/home/kunal-jazzy/edge_ws/build/edge_robot_description', 'catkin_cmake_args': None, 'catkin_skip_building_tests': False, 'cmake_args': None, 'cmake_clean_cache': False, 'cmake_clean_first': False, 'cmake_force_configure': False, 'cmake_target': None, 'cmake_target_skip_unavailable': False, 'install_base': '/home/kunal-jazzy/edge_ws/install/edge_robot_description', 'merge_install': False, 'path': '/home/kunal-jazzy/edge_ws/src/edge_robot_description', 'symlink_install': False, 'test_result_base': None}
[0.306s] Level 5:colcon.colcon_core.verb:set package 'edge_robot_bringup' build argument 'cmake_args' from command line to 'None'
[0.306s] Level 5:colcon.colcon_core.verb:set package 'edge_robot_bringup' build argument 'cmake_target' from command line to 'None'
[0.306s] Level 5:colcon.colcon_core.verb:set package 'edge_robot_bringup' build argument 'cmake_target_skip_unavailable' from command line to 'False'
[0.306s] Level 5:colcon.colcon_core.verb:set package 'edge_robot_bringup' build argument 'cmake_clean_cache' from command line to 'False'
[0.306s] Level 5:colcon.colcon_core.verb:set package 'edge_robot_bringup' build argument 'cmake_clean_first' from command line to 'False'
[0.306s] Level 5:colcon.colcon_core.verb:set package 'edge_robot_bringup' build argument 'cmake_force_configure' from command line to 'False'
[0.306s] Level 5:colcon.colcon_core.verb:set package 'edge_robot_bringup' build argument 'ament_cmake_args' from command line to 'None'
[0.306s] Level 5:colcon.colcon_core.verb:set package 'edge_robot_bringup' build argument 'catkin_cmake_args' from command line to 'None'
[0.306s] Level 5:colcon.colcon_core.verb:set package 'edge_robot_bringup' build argument 'catkin_skip_building_tests' from command line to 'False'
[0.306s] DEBUG:colcon.colcon_core.verb:Building package 'edge_robot_bringup' with the following arguments: {'ament_cmake_args': None, 'build_base': '/home/kunal-jazzy/edge_ws/build/edge_robot_bringup', 'catkin_cmake_args': None, 'catkin_skip_building_tests': False, 'cmake_args': None, 'cmake_clean_cache': False, 'cmake_clean_first': False, 'cmake_force_configure': False, 'cmake_target': None, 'cmake_target_skip_unavailable': False, 'install_base': '/home/kunal-jazzy/edge_ws/install/edge_robot_bringup', 'merge_install': False, 'path': '/home/kunal-jazzy/edge_ws/src/edge_robot_bringup', 'symlink_install': False, 'test_result_base': None}
[0.306s] Level 5:colcon.colcon_core.verb:set package 'edge_ws' build argument 'cmake_args' from command line to 'None'
[0.307s] Level 5:colcon.colcon_core.verb:set package 'edge_ws' build argument 'cmake_target' from command line to 'None'
[0.307s] Level 5:colcon.colcon_core.verb:set package 'edge_ws' build argument 'cmake_target_skip_unavailable' from command line to 'False'
[0.307s] Level 5:colcon.colcon_core.verb:set package 'edge_ws' build argument 'cmake_clean_cache' from command line to 'False'
[0.307s] Level 5:colcon.colcon_core.verb:set package 'edge_ws' build argument 'cmake_clean_first' from command line to 'False'
[0.307s] Level 5:colcon.colcon_core.verb:set package 'edge_ws' build argument 'cmake_force_configure' from command line to 'False'
[0.307s] Level 5:colcon.colcon_core.verb:set package 'edge_ws' build argument 'ament_cmake_args' from command line to 'None'
[0.307s] Level 5:colcon.colcon_core.verb:set package 'edge_ws' build argument 'catkin_cmake_args' from command line to 'None'
[0.307s] Level 5:colcon.colcon_core.verb:set package 'edge_ws' build argument 'catkin_skip_building_tests' from command line to 'False'
[0.307s] DEBUG:colcon.colcon_core.verb:Building package 'edge_ws' with the following arguments: {'ament_cmake_args': None, 'build_base': '/home/kunal-jazzy/edge_ws/build/edge_ws', 'catkin_cmake_args': None, 'catkin_skip_building_tests': False, 'cmake_args': None, 'cmake_clean_cache': False, 'cmake_clean_first': False, 'cmake_force_configure': False, 'cmake_target': None, 'cmake_target_skip_unavailable': False, 'install_base': '/home/kunal-jazzy/edge_ws/install/edge_ws', 'merge_install': False, 'path': '/home/kunal-jazzy/edge_ws/src/edge_ws', 'symlink_install': False, 'test_result_base': None}
[0.307s] INFO:colcon.colcon_core.executor:Executing jobs using 'parallel' executor
[0.308s] DEBUG:colcon.colcon_parallel_executor.executor.parallel:run_until_complete
[0.308s] INFO:colcon.colcon_ros.task.ament_cmake.build:Building ROS package in '/home/kunal-jazzy/edge_ws/src/edge_robot_description' with build type 'ament_cmake'
[0.309s] INFO:colcon.colcon_cmake.task.cmake.build:Building CMake package in '/home/kunal-jazzy/edge_ws/src/edge_robot_description'
[0.311s] INFO:colcon.colcon_core.plugin_system:Skipping extension 'colcon_core.shell.bat': Not used on non-Windows systems
[0.311s] INFO:colcon.colcon_core.shell:Skip shell extension 'powershell' for command environment: Not usable outside of PowerShell
[0.311s] DEBUG:colcon.colcon_core.shell:Skip shell extension 'dsv' for command environment
[0.328s] DEBUG:colcon.colcon_core.event_handler.log_command:Invoking command in '/home/kunal-jazzy/edge_ws/build/edge_robot_description': CMAKE_PREFIX_PATH=${CMAKE_PREFIX_PATH}:/home/kunal-jazzy/ROS2-Camera-Visualization/install/four_control:/opt/ros/jazzy DEBUGINFOD_URLS=https://debuginfod.ubuntu.com /usr/bin/cmake --build /home/kunal-jazzy/edge_ws/build/edge_robot_description -- -j12 -l12
[0.396s] DEBUG:colcon.colcon_core.event_handler.log_command:Invoked command in '/home/kunal-jazzy/edge_ws/build/edge_robot_description' returned '0': CMAKE_PREFIX_PATH=${CMAKE_PREFIX_PATH}:/home/kunal-jazzy/ROS2-Camera-Visualization/install/four_control:/opt/ros/jazzy DEBUGINFOD_URLS=https://debuginfod.ubuntu.com /usr/bin/cmake --build /home/kunal-jazzy/edge_ws/build/edge_robot_description -- -j12 -l12
[0.420s] DEBUG:colcon.colcon_core.event_handler.log_command:Invoking command in '/home/kunal-jazzy/edge_ws/build/edge_robot_description': CMAKE_PREFIX_PATH=${CMAKE_PREFIX_PATH}:/home/kunal-jazzy/ROS2-Camera-Visualization/install/four_control:/opt/ros/jazzy DEBUGINFOD_URLS=https://debuginfod.ubuntu.com /usr/bin/cmake --install /home/kunal-jazzy/edge_ws/build/edge_robot_description
[0.445s] Level 1:colcon.colcon_core.environment:create_environment_scripts_only(edge_robot_description)
[0.452s] DEBUG:colcon.colcon_core.event_handler.log_command:Invoked command in '/home/kunal-jazzy/edge_ws/build/edge_robot_description' returned '0': CMAKE_PREFIX_PATH=${CMAKE_PREFIX_PATH}:/home/kunal-jazzy/ROS2-Camera-Visualization/install/four_control:/opt/ros/jazzy DEBUGINFOD_URLS=https://debuginfod.ubuntu.com /usr/bin/cmake --install /home/kunal-jazzy/edge_ws/build/edge_robot_description
[0.458s] Level 1:colcon.colcon_core.environment:checking '/home/kunal-jazzy/edge_ws/install/edge_robot_description' for CMake module files
[0.459s] Level 1:colcon.colcon_core.environment:checking '/home/kunal-jazzy/edge_ws/install/edge_robot_description' for CMake config files
[0.460s] Level 1:colcon.colcon_core.shell:create_environment_hook('edge_robot_description', 'cmake_prefix_path')
[0.460s] INFO:colcon.colcon_core.shell:Creating environment hook '/home/kunal-jazzy/edge_ws/install/edge_robot_description/share/edge_robot_description/hook/cmake_prefix_path.ps1'
[0.462s] INFO:colcon.colcon_core.shell:Creating environment descriptor '/home/kunal-jazzy/edge_ws/install/edge_robot_description/share/edge_robot_description/hook/cmake_prefix_path.dsv'
[0.463s] INFO:colcon.colcon_core.shell:Creating environment hook '/home/kunal-jazzy/edge_ws/install/edge_robot_description/share/edge_robot_description/hook/cmake_prefix_path.sh'
[0.465s] Level 1:colcon.colcon_core.environment:checking '/home/kunal-jazzy/edge_ws/install/edge_robot_description/bin'
[0.465s] Level 1:colcon.colcon_core.environment:checking '/home/kunal-jazzy/edge_ws/install/edge_robot_description/lib/pkgconfig/edge_robot_description.pc'
[0.466s] Level 1:colcon.colcon_core.environment:checking '/home/kunal-jazzy/edge_ws/install/edge_robot_description/lib/python3.12/site-packages'
[0.467s] Level 1:colcon.colcon_core.environment:checking '/home/kunal-jazzy/edge_ws/install/edge_robot_description/bin'
[0.467s] INFO:colcon.colcon_core.shell:Creating package script '/home/kunal-jazzy/edge_ws/install/edge_robot_description/share/edge_robot_description/package.ps1'
[0.469s] INFO:colcon.colcon_core.shell:Creating package descriptor '/home/kunal-jazzy/edge_ws/install/edge_robot_description/share/edge_robot_description/package.dsv'
[0.470s] INFO:colcon.colcon_core.shell:Creating package script '/home/kunal-jazzy/edge_ws/install/edge_robot_description/share/edge_robot_description/package.sh'
[0.471s] INFO:colcon.colcon_core.shell:Creating package script '/home/kunal-jazzy/edge_ws/install/edge_robot_description/share/edge_robot_description/package.bash'
[0.473s] INFO:colcon.colcon_core.shell:Creating package script '/home/kunal-jazzy/edge_ws/install/edge_robot_description/share/edge_robot_description/package.zsh'
[0.474s] Level 1:colcon.colcon_core.environment:create_file_with_runtime_dependencies(/home/kunal-jazzy/edge_ws/install/edge_robot_description/share/colcon-core/packages/edge_robot_description)
[0.475s] Level 1:colcon.colcon_core.environment:create_environment_scripts_only(edge_robot_description)
[0.476s] Level 1:colcon.colcon_core.environment:checking '/home/kunal-jazzy/edge_ws/install/edge_robot_description' for CMake module files
[0.477s] Level 1:colcon.colcon_core.environment:checking '/home/kunal-jazzy/edge_ws/install/edge_robot_description' for CMake config files
[0.478s] Level 1:colcon.colcon_core.shell:create_environment_hook('edge_robot_description', 'cmake_prefix_path')
[0.478s] INFO:colcon.colcon_core.shell:Creating environment hook '/home/kunal-jazzy/edge_ws/install/edge_robot_description/share/edge_robot_description/hook/cmake_prefix_path.ps1'
[0.479s] INFO:colcon.colcon_core.shell:Creating environment descriptor '/home/kunal-jazzy/edge_ws/install/edge_robot_description/share/edge_robot_description/hook/cmake_prefix_path.dsv'
[0.480s] INFO:colcon.colcon_core.shell:Creating environment hook '/home/kunal-jazzy/edge_ws/install/edge_robot_description/share/edge_robot_description/hook/cmake_prefix_path.sh'
[0.481s] Level 1:colcon.colcon_core.environment:checking '/home/kunal-jazzy/edge_ws/install/edge_robot_description/bin'
[0.481s] Level 1:colcon.colcon_core.environment:checking '/home/kunal-jazzy/edge_ws/install/edge_robot_description/lib/pkgconfig/edge_robot_description.pc'
[0.482s] Level 1:colcon.colcon_core.environment:checking '/home/kunal-jazzy/edge_ws/install/edge_robot_description/lib/python3.12/site-packages'
[0.482s] Level 1:colcon.colcon_core.environment:checking '/home/kunal-jazzy/edge_ws/install/edge_robot_description/bin'
[0.483s] INFO:colcon.colcon_core.shell:Creating package script '/home/kunal-jazzy/edge_ws/install/edge_robot_description/share/edge_robot_description/package.ps1'
[0.484s] INFO:colcon.colcon_core.shell:Creating package descriptor '/home/kunal-jazzy/edge_ws/install/edge_robot_description/share/edge_robot_description/package.dsv'
[0.485s] INFO:colcon.colcon_core.shell:Creating package script '/home/kunal-jazzy/edge_ws/install/edge_robot_description/share/edge_robot_description/package.sh'
[0.486s] INFO:colcon.colcon_core.shell:Creating package script '/home/kunal-jazzy/edge_ws/install/edge_robot_description/share/edge_robot_description/package.bash'
[0.486s] INFO:colcon.colcon_core.shell:Creating package script '/home/kunal-jazzy/edge_ws/install/edge_robot_description/share/edge_robot_description/package.zsh'
[0.487s] Level 1:colcon.colcon_core.environment:create_file_with_runtime_dependencies(/home/kunal-jazzy/edge_ws/install/edge_robot_description/share/colcon-core/packages/edge_robot_description)
[0.488s] INFO:colcon.colcon_ros.task.ament_cmake.build:Building ROS package in '/home/kunal-jazzy/edge_ws/src/edge_robot_bringup' with build type 'ament_cmake'
[0.488s] INFO:colcon.colcon_cmake.task.cmake.build:Building CMake package in '/home/kunal-jazzy/edge_ws/src/edge_robot_bringup'
[0.488s] INFO:colcon.colcon_core.shell:Skip shell extension 'powershell' for command environment: Not usable outside of PowerShell
[0.488s] DEBUG:colcon.colcon_core.shell:Skip shell extension 'dsv' for command environment
[0.523s] DEBUG:colcon.colcon_core.event_handler.log_command:Invoking command in '/home/kunal-jazzy/edge_ws/build/edge_robot_bringup': CMAKE_PREFIX_PATH=/home/kunal-jazzy/edge_ws/install/edge_robot_description:/home/kunal-jazzy/edge_ws/install/edge_ws:/home/kunal-jazzy/edge_ws/install/edge_robot_bringup:/home/kunal-jazzy/ros2_ws/install/yahboom_rosmaster_navigation:/home/kunal-jazzy/ros2_ws/install/yahboom_rosmaster_localization:/home/kunal-jazzy/ros2_ws/install/ros2_ws:/home/kunal-jazzy/ros2_ws/install/system_tests:/home/kunal-jazzy/ros2_ws/install/rosmaster_description:/home/kunal-jazzy/ros2_ws/install/ros_navigation:/home/kunal-jazzy/ros2_ws/install/ros_localization:/home/kunal-jazzy/ros2_ws/install/ros_gazebo:/home/kunal-jazzy/ros2_ws/install/ros_bringup:/home/kunal-jazzy/ros2_ws/install/mecanum_drive_controller:/home/kunal-jazzy/ROS2-Camera-Visualization/install/four_worlds:/home/kunal-jazzy/ROS2-Camera-Visualization/install/four_control_bringup:/home/kunal-jazzy/ROS2-Camera-Visualization/install/four_wheel_description:/home/kunal-jazzy/ros2_arm/install/ros2_arm:/home/kunal-jazzy/ros2_arm/install/arm_description:/opt/ros/jazzy/opt/gz_sim_vendor:/opt/ros/jazzy/opt/gz_sensors_vendor:/opt/ros/jazzy/opt/gz_physics_vendor:/opt/ros/jazzy/opt/sdformat_vendor:/opt/ros/jazzy/opt/gz_gui_vendor:/opt/ros/jazzy/opt/gz_transport_vendor:/opt/ros/jazzy/opt/gz_rendering_vendor:/opt/ros/jazzy/opt/gz_plugin_vendor:/opt/ros/jazzy/opt/gz_fuel_tools_vendor:/opt/ros/jazzy/opt/gz_msgs_vendor:/opt/ros/jazzy/opt/gz_common_vendor:/opt/ros/jazzy/opt/gz_math_vendor:/opt/ros/jazzy/opt/gz_utils_vendor:/opt/ros/jazzy/opt/gz_tools_vendor:/opt/ros/jazzy/opt/gz_ogre_next_vendor:/opt/ros/jazzy/opt/gz_dartsim_vendor:/opt/ros/jazzy/opt/gz_cmake_vendor:/home/kunal-jazzy/ROS2-Camera-Visualization/install/four_control:/opt/ros/jazzy DEBUGINFOD_URLS=https://debuginfod.ubuntu.com /usr/bin/cmake --build /home/kunal-jazzy/edge_ws/build/edge_robot_bringup -- -j12 -l12
[0.615s] DEBUG:colcon.colcon_core.event_handler.log_command:Invoked command in '/home/kunal-jazzy/edge_ws/build/edge_robot_bringup' returned '0': CMAKE_PREFIX_PATH=/home/kunal-jazzy/edge_ws/install/edge_robot_description:/home/kunal-jazzy/edge_ws/install/edge_ws:/home/kunal-jazzy/edge_ws/install/edge_robot_bringup:/home/kunal-jazzy/ros2_ws/install/yahboom_rosmaster_navigation:/home/kunal-jazzy/ros2_ws/install/yahboom_rosmaster_localization:/home/kunal-jazzy/ros2_ws/install/ros2_ws:/home/kunal-jazzy/ros2_ws/install/system_tests:/home/kunal-jazzy/ros2_ws/install/rosmaster_description:/home/kunal-jazzy/ros2_ws/install/ros_navigation:/home/kunal-jazzy/ros2_ws/install/ros_localization:/home/kunal-jazzy/ros2_ws/install/ros_gazebo:/home/kunal-jazzy/ros2_ws/install/ros_bringup:/home/kunal-jazzy/ros2_ws/install/mecanum_drive_controller:/home/kunal-jazzy/ROS2-Camera-Visualization/install/four_worlds:/home/kunal-jazzy/ROS2-Camera-Visualization/install/four_control_bringup:/home/kunal-jazzy/ROS2-Camera-Visualization/install/four_wheel_description:/home/kunal-jazzy/ros2_arm/install/ros2_arm:/home/kunal-jazzy/ros2_arm/install/arm_description:/opt/ros/jazzy/opt/gz_sim_vendor:/opt/ros/jazzy/opt/gz_sensors_vendor:/opt/ros/jazzy/opt/gz_physics_vendor:/opt/ros/jazzy/opt/sdformat_vendor:/opt/ros/jazzy/opt/gz_gui_vendor:/opt/ros/jazzy/opt/gz_transport_vendor:/opt/ros/jazzy/opt/gz_rendering_vendor:/opt/ros/jazzy/opt/gz_plugin_vendor:/opt/ros/jazzy/opt/gz_fuel_tools_vendor:/opt/ros/jazzy/opt/gz_msgs_vendor:/opt/ros/jazzy/opt/gz_common_vendor:/opt/ros/jazzy/opt/gz_math_vendor:/opt/ros/jazzy/opt/gz_utils_vendor:/opt/ros/jazzy/opt/gz_tools_vendor:/opt/ros/jazzy/opt/gz_ogre_next_vendor:/opt/ros/jazzy/opt/gz_dartsim_vendor:/opt/ros/jazzy/opt/gz_cmake_vendor:/home/kunal-jazzy/ROS2-Camera-Visualization/install/four_control:/opt/ros/jazzy DEBUGINFOD_URLS=https://debuginfod.ubuntu.com /usr/bin/cmake --build /home/kunal-jazzy/edge_ws/build/edge_robot_bringup -- -j12 -l12
[0.617s] DEBUG:colcon.colcon_core.event_handler.log_command:Invoking command in '/home/kunal-jazzy/edge_ws/build/edge_robot_bringup': CMAKE_PREFIX_PATH=/home/kunal-jazzy/edge_ws/install/edge_robot_description:/home/kunal-jazzy/edge_ws/install/edge_ws:/home/kunal-jazzy/edge_ws/install/edge_robot_bringup:/home/kunal-jazzy/ros2_ws/install/yahboom_rosmaster_navigation:/home/kunal-jazzy/ros2_ws/install/yahboom_rosmaster_localization:/home/kunal-jazzy/ros2_ws/install/ros2_ws:/home/kunal-jazzy/ros2_ws/install/system_tests:/home/kunal-jazzy/ros2_ws/install/rosmaster_description:/home/kunal-jazzy/ros2_ws/install/ros_navigation:/home/kunal-jazzy/ros2_ws/install/ros_localization:/home/kunal-jazzy/ros2_ws/install/ros_gazebo:/home/kunal-jazzy/ros2_ws/install/ros_bringup:/home/kunal-jazzy/ros2_ws/install/mecanum_drive_controller:/home/kunal-jazzy/ROS2-Camera-Visualization/install/four_worlds:/home/kunal-jazzy/ROS2-Camera-Visualization/install/four_control_bringup:/home/kunal-jazzy/ROS2-Camera-Visualization/install/four_wheel_description:/home/kunal-jazzy/ros2_arm/install/ros2_arm:/home/kunal-jazzy/ros2_arm/install/arm_description:/opt/ros/jazzy/opt/gz_sim_vendor:/opt/ros/jazzy/opt/gz_sensors_vendor:/opt/ros/jazzy/opt/gz_physics_vendor:/opt/ros/jazzy/opt/sdformat_vendor:/opt/ros/jazzy/opt/gz_gui_vendor:/opt/ros/jazzy/opt/gz_transport_vendor:/opt/ros/jazzy/opt/gz_rendering_vendor:/opt/ros/jazzy/opt/gz_plugin_vendor:/opt/ros/jazzy/opt/gz_fuel_tools_vendor:/opt/ros/jazzy/opt/gz_msgs_vendor:/opt/ros/jazzy/opt/gz_common_vendor:/opt/ros/jazzy/opt/gz_math_vendor:/opt/ros/jazzy/opt/gz_utils_vendor:/opt/ros/jazzy/opt/gz_tools_vendor:/opt/ros/jazzy/opt/gz_ogre_next_vendor:/opt/ros/jazzy/opt/gz_dartsim_vendor:/opt/ros/jazzy/opt/gz_cmake_vendor:/home/kunal-jazzy/ROS2-Camera-Visualization/install/four_control:/opt/ros/jazzy DEBUGINFOD_URLS=https://debuginfod.ubuntu.com /usr/bin/cmake --install /home/kunal-jazzy/edge_ws/build/edge_robot_bringup
[0.645s] Level 1:colcon.colcon_core.environment:create_environment_scripts_only(edge_robot_bringup)
[0.646s] Level 1:colcon.colcon_core.environment:checking '/home/kunal-jazzy/edge_ws/install/edge_robot_bringup' for CMake module files
[0.648s] DEBUG:colcon.colcon_core.event_handler.log_command:Invoked command in '/home/kunal-jazzy/edge_ws/build/edge_robot_bringup' returned '0': CMAKE_PREFIX_PATH=/home/kunal-jazzy/edge_ws/install/edge_robot_description:/home/kunal-jazzy/edge_ws/install/edge_ws:/home/kunal-jazzy/edge_ws/install/edge_robot_bringup:/home/kunal-jazzy/ros2_ws/install/yahboom_rosmaster_navigation:/home/kunal-jazzy/ros2_ws/install/yahboom_rosmaster_localization:/home/kunal-jazzy/ros2_ws/install/ros2_ws:/home/kunal-jazzy/ros2_ws/install/system_tests:/home/kunal-jazzy/ros2_ws/install/rosmaster_description:/home/kunal-jazzy/ros2_ws/install/ros_navigation:/home/kunal-jazzy/ros2_ws/install/ros_localization:/home/kunal-jazzy/ros2_ws/install/ros_gazebo:/home/kunal-jazzy/ros2_ws/install/ros_bringup:/home/kunal-jazzy/ros2_ws/install/mecanum_drive_controller:/home/kunal-jazzy/ROS2-Camera-Visualization/install/four_worlds:/home/kunal-jazzy/ROS2-Camera-Visualization/install/four_control_bringup:/home/kunal-jazzy/ROS2-Camera-Visualization/install/four_wheel_description:/home/kunal-jazzy/ros2_arm/install/ros2_arm:/home/kunal-jazzy/ros2_arm/install/arm_description:/opt/ros/jazzy/opt/gz_sim_vendor:/opt/ros/jazzy/opt/gz_sensors_vendor:/opt/ros/jazzy/opt/gz_physics_vendor:/opt/ros/jazzy/opt/sdformat_vendor:/opt/ros/jazzy/opt/gz_gui_vendor:/opt/ros/jazzy/opt/gz_transport_vendor:/opt/ros/jazzy/opt/gz_rendering_vendor:/opt/ros/jazzy/opt/gz_plugin_vendor:/opt/ros/jazzy/opt/gz_fuel_tools_vendor:/opt/ros/jazzy/opt/gz_msgs_vendor:/opt/ros/jazzy/opt/gz_common_vendor:/opt/ros/jazzy/opt/gz_math_vendor:/opt/ros/jazzy/opt/gz_utils_vendor:/opt/ros/jazzy/opt/gz_tools_vendor:/opt/ros/jazzy/opt/gz_ogre_next_vendor:/opt/ros/jazzy/opt/gz_dartsim_vendor:/opt/ros/jazzy/opt/gz_cmake_vendor:/home/kunal-jazzy/ROS2-Camera-Visualization/install/four_control:/opt/ros/jazzy DEBUGINFOD_URLS=https://debuginfod.ubuntu.com /usr/bin/cmake --install /home/kunal-jazzy/edge_ws/build/edge_robot_bringup
[0.649s] Level 1:colcon.colcon_core.environment:checking '/home/kunal-jazzy/edge_ws/install/edge_robot_bringup' for CMake config files
[0.650s] Level 1:colcon.colcon_core.shell:create_environment_hook('edge_robot_bringup', 'cmake_prefix_path')
[0.651s] INFO:colcon.colcon_core.shell:Creating environment hook '/home/kunal-jazzy/edge_ws/install/edge_robot_bringup/share/edge_robot_bringup/hook/cmake_prefix_path.ps1'
[0.652s] INFO:colcon.colcon_core.shell:Creating environment descriptor '/home/kunal-jazzy/edge_ws/install/edge_robot_bringup/share/edge_robot_bringup/hook/cmake_prefix_path.dsv'
[0.654s] INFO:colcon.colcon_core.shell:Creating environment hook '/home/kunal-jazzy/edge_ws/install/edge_robot_bringup/share/edge_robot_bringup/hook/cmake_prefix_path.sh'
[0.656s] Level 1:colcon.colcon_core.environment:checking '/home/kunal-jazzy/edge_ws/install/edge_robot_bringup/bin'
[0.656s] Level 1:colcon.colcon_core.environment:checking '/home/kunal-jazzy/edge_ws/install/edge_robot_bringup/lib/pkgconfig/edge_robot_bringup.pc'
[0.656s] Level 1:colcon.colcon_core.environment:checking '/home/kunal-jazzy/edge_ws/install/edge_robot_bringup/lib/python3.12/site-packages'
[0.657s] Level 1:colcon.colcon_core.environment:checking '/home/kunal-jazzy/edge_ws/install/edge_robot_bringup/bin'
[0.658s] INFO:colcon.colcon_core.shell:Creating package script '/home/kunal-jazzy/edge_ws/install/edge_robot_bringup/share/edge_robot_bringup/package.ps1'
[0.659s] INFO:colcon.colcon_core.shell:Creating package descriptor '/home/kunal-jazzy/edge_ws/install/edge_robot_bringup/share/edge_robot_bringup/package.dsv'
[0.660s] INFO:colcon.colcon_core.shell:Creating package script '/home/kunal-jazzy/edge_ws/install/edge_robot_bringup/share/edge_robot_bringup/package.sh'
[0.661s] INFO:colcon.colcon_core.shell:Creating package script '/home/kunal-jazzy/edge_ws/install/edge_robot_bringup/share/edge_robot_bringup/package.bash'
[0.661s] INFO:colcon.colcon_core.shell:Creating package script '/home/kunal-jazzy/edge_ws/install/edge_robot_bringup/share/edge_robot_bringup/package.zsh'
[0.662s] Level 1:colcon.colcon_core.environment:create_file_with_runtime_dependencies(/home/kunal-jazzy/edge_ws/install/edge_robot_bringup/share/colcon-core/packages/edge_robot_bringup)
[0.663s] Level 1:colcon.colcon_core.environment:create_environment_scripts_only(edge_robot_bringup)
[0.664s] Level 1:colcon.colcon_core.environment:checking '/home/kunal-jazzy/edge_ws/install/edge_robot_bringup' for CMake module files
[0.665s] Level 1:colcon.colcon_core.environment:checking '/home/kunal-jazzy/edge_ws/install/edge_robot_bringup' for CMake config files
[0.666s] Level 1:colcon.colcon_core.shell:create_environment_hook('edge_robot_bringup', 'cmake_prefix_path')
[0.666s] INFO:colcon.colcon_core.shell:Creating environment hook '/home/kunal-jazzy/edge_ws/install/edge_robot_bringup/share/edge_robot_bringup/hook/cmake_prefix_path.ps1'
[0.667s] INFO:colcon.colcon_core.shell:Creating environment descriptor '/home/kunal-jazzy/edge_ws/install/edge_robot_bringup/share/edge_robot_bringup/hook/cmake_prefix_path.dsv'
[0.668s] INFO:colcon.colcon_core.shell:Creating environment hook '/home/kunal-jazzy/edge_ws/install/edge_robot_bringup/share/edge_robot_bringup/hook/cmake_prefix_path.sh'
[0.669s] Level 1:colcon.colcon_core.environment:checking '/home/kunal-jazzy/edge_ws/install/edge_robot_bringup/bin'
[0.669s] Level 1:colcon.colcon_core.environment:checking '/home/kunal-jazzy/edge_ws/install/edge_robot_bringup/lib/pkgconfig/edge_robot_bringup.pc'
[0.670s] Level 1:colcon.colcon_core.environment:checking '/home/kunal-jazzy/edge_ws/install/edge_robot_bringup/lib/python3.12/site-packages'
[0.671s] Level 1:colcon.colcon_core.environment:checking '/home/kunal-jazzy/edge_ws/install/edge_robot_bringup/bin'
[0.671s] INFO:colcon.colcon_core.shell:Creating package script '/home/kunal-jazzy/edge_ws/install/edge_robot_bringup/share/edge_robot_bringup/package.ps1'
[0.672s] INFO:colcon.colcon_core.shell:Creating package descriptor '/home/kunal-jazzy/edge_ws/install/edge_robot_bringup/share/edge_robot_bringup/package.dsv'
[0.673s] INFO:colcon.colcon_core.shell:Creating package script '/home/kunal-jazzy/edge_ws/install/edge_robot_bringup/share/edge_robot_bringup/package.sh'
[0.674s] INFO:colcon.colcon_core.shell:Creating package script '/home/kunal-jazzy/edge_ws/install/edge_robot_bringup/share/edge_robot_bringup/package.bash'
[0.674s] INFO:colcon.colcon_core.shell:Creating package script '/home/kunal-jazzy/edge_ws/install/edge_robot_bringup/share/edge_robot_bringup/package.zsh'
[0.675s] Level 1:colcon.colcon_core.environment:create_file_with_runtime_dependencies(/home/kunal-jazzy/edge_ws/install/edge_robot_bringup/share/colcon-core/packages/edge_robot_bringup)
[0.676s] INFO:colcon.colcon_ros.task.ament_cmake.build:Building ROS package in '/home/kunal-jazzy/edge_ws/src/edge_ws' with build type 'ament_cmake'
[0.677s] INFO:colcon.colcon_cmake.task.cmake.build:Building CMake package in '/home/kunal-jazzy/edge_ws/src/edge_ws'
[0.677s] INFO:colcon.colcon_core.shell:Skip shell extension 'powershell' for command environment: Not usable outside of PowerShell
[0.678s] DEBUG:colcon.colcon_core.shell:Skip shell extension 'dsv' for command environment
[0.711s] DEBUG:colcon.colcon_core.event_handler.log_command:Invoking command in '/home/kunal-jazzy/edge_ws/build/edge_ws': CMAKE_PREFIX_PATH=/home/kunal-jazzy/edge_ws/install/edge_robot_bringup:/home/kunal-jazzy/edge_ws/install/edge_robot_description:/home/kunal-jazzy/edge_ws/install/edge_ws:/home/kunal-jazzy/ros2_ws/install/yahboom_rosmaster_navigation:/home/kunal-jazzy/ros2_ws/install/yahboom_rosmaster_localization:/home/kunal-jazzy/ros2_ws/install/ros2_ws:/home/kunal-jazzy/ros2_ws/install/system_tests:/home/kunal-jazzy/ros2_ws/install/rosmaster_description:/home/kunal-jazzy/ros2_ws/install/ros_navigation:/home/kunal-jazzy/ros2_ws/install/ros_localization:/home/kunal-jazzy/ros2_ws/install/ros_gazebo:/home/kunal-jazzy/ros2_ws/install/ros_bringup:/home/kunal-jazzy/ros2_ws/install/mecanum_drive_controller:/home/kunal-jazzy/ROS2-Camera-Visualization/install/four_worlds:/home/kunal-jazzy/ROS2-Camera-Visualization/install/four_control_bringup:/home/kunal-jazzy/ROS2-Camera-Visualization/install/four_wheel_description:/home/kunal-jazzy/ros2_arm/install/ros2_arm:/home/kunal-jazzy/ros2_arm/install/arm_description:/opt/ros/jazzy/opt/gz_sim_vendor:/opt/ros/jazzy/opt/gz_sensors_vendor:/opt/ros/jazzy/opt/gz_physics_vendor:/opt/ros/jazzy/opt/sdformat_vendor:/opt/ros/jazzy/opt/gz_gui_vendor:/opt/ros/jazzy/opt/gz_transport_vendor:/opt/ros/jazzy/opt/gz_rendering_vendor:/opt/ros/jazzy/opt/gz_plugin_vendor:/opt/ros/jazzy/opt/gz_fuel_tools_vendor:/opt/ros/jazzy/opt/gz_msgs_vendor:/opt/ros/jazzy/opt/gz_common_vendor:/opt/ros/jazzy/opt/gz_math_vendor:/opt/ros/jazzy/opt/gz_utils_vendor:/opt/ros/jazzy/opt/gz_tools_vendor:/opt/ros/jazzy/opt/gz_ogre_next_vendor:/opt/ros/jazzy/opt/gz_dartsim_vendor:/opt/ros/jazzy/opt/gz_cmake_vendor:/home/kunal-jazzy/ROS2-Camera-Visualization/install/four_control:/opt/ros/jazzy DEBUGINFOD_URLS=https://debuginfod.ubuntu.com /usr/bin/cmake --build /home/kunal-jazzy/edge_ws/build/edge_ws -- -j12 -l12
[0.807s] DEBUG:colcon.colcon_core.event_handler.log_command:Invoked command in '/home/kunal-jazzy/edge_ws/build/edge_ws' returned '0': CMAKE_PREFIX_PATH=/home/kunal-jazzy/edge_ws/install/edge_robot_bringup:/home/kunal-jazzy/edge_ws/install/edge_robot_description:/home/kunal-jazzy/edge_ws/install/edge_ws:/home/kunal-jazzy/ros2_ws/install/yahboom_rosmaster_navigation:/home/kunal-jazzy/ros2_ws/install/yahboom_rosmaster_localization:/home/kunal-jazzy/ros2_ws/install/ros2_ws:/home/kunal-jazzy/ros2_ws/install/system_tests:/home/kunal-jazzy/ros2_ws/install/rosmaster_description:/home/kunal-jazzy/ros2_ws/install/ros_navigation:/home/kunal-jazzy/ros2_ws/install/ros_localization:/home/kunal-jazzy/ros2_ws/install/ros_gazebo:/home/kunal-jazzy/ros2_ws/install/ros_bringup:/home/kunal-jazzy/ros2_ws/install/mecanum_drive_controller:/home/kunal-jazzy/ROS2-Camera-Visualization/install/four_worlds:/home/kunal-jazzy/ROS2-Camera-Visualization/install/four_control_bringup:/home/kunal-jazzy/ROS2-Camera-Visualization/install/four_wheel_description:/home/kunal-jazzy/ros2_arm/install/ros2_arm:/home/kunal-jazzy/ros2_arm/install/arm_description:/opt/ros/jazzy/opt/gz_sim_vendor:/opt/ros/jazzy/opt/gz_sensors_vendor:/opt/ros/jazzy/opt/gz_physics_vendor:/opt/ros/jazzy/opt/sdformat_vendor:/opt/ros/jazzy/opt/gz_gui_vendor:/opt/ros/jazzy/opt/gz_transport_vendor:/opt/ros/jazzy/opt/gz_rendering_vendor:/opt/ros/jazzy/opt/gz_plugin_vendor:/opt/ros/jazzy/opt/gz_fuel_tools_vendor:/opt/ros/jazzy/opt/gz_msgs_vendor:/opt/ros/jazzy/opt/gz_common_vendor:/opt/ros/jazzy/opt/gz_math_vendor:/opt/ros/jazzy/opt/gz_utils_vendor:/opt/ros/jazzy/opt/gz_tools_vendor:/opt/ros/jazzy/opt/gz_ogre_next_vendor:/opt/ros/jazzy/opt/gz_dartsim_vendor:/opt/ros/jazzy/opt/gz_cmake_vendor:/home/kunal-jazzy/ROS2-Camera-Visualization/install/four_control:/opt/ros/jazzy DEBUGINFOD_URLS=https://debuginfod.ubuntu.com /usr/bin/cmake --build /home/kunal-jazzy/edge_ws/build/edge_ws -- -j12 -l12
[0.811s] DEBUG:colcon.colcon_core.event_handler.log_command:Invoking command in '/home/kunal-jazzy/edge_ws/build/edge_ws': CMAKE_PREFIX_PATH=/home/kunal-jazzy/edge_ws/install/edge_robot_bringup:/home/kunal-jazzy/edge_ws/install/edge_robot_description:/home/kunal-jazzy/edge_ws/install/edge_ws:/home/kunal-jazzy/ros2_ws/install/yahboom_rosmaster_navigation:/home/kunal-jazzy/ros2_ws/install/yahboom_rosmaster_localization:/home/kunal-jazzy/ros2_ws/install/ros2_ws:/home/kunal-jazzy/ros2_ws/install/system_tests:/home/kunal-jazzy/ros2_ws/install/rosmaster_description:/home/kunal-jazzy/ros2_ws/install/ros_navigation:/home/kunal-jazzy/ros2_ws/install/ros_localization:/home/kunal-jazzy/ros2_ws/install/ros_gazebo:/home/kunal-jazzy/ros2_ws/install/ros_bringup:/home/kunal-jazzy/ros2_ws/install/mecanum_drive_controller:/home/kunal-jazzy/ROS2-Camera-Visualization/install/four_worlds:/home/kunal-jazzy/ROS2-Camera-Visualization/install/four_control_bringup:/home/kunal-jazzy/ROS2-Camera-Visualization/install/four_wheel_description:/home/kunal-jazzy/ros2_arm/install/ros2_arm:/home/kunal-jazzy/ros2_arm/install/arm_description:/opt/ros/jazzy/opt/gz_sim_vendor:/opt/ros/jazzy/opt/gz_sensors_vendor:/opt/ros/jazzy/opt/gz_physics_vendor:/opt/ros/jazzy/opt/sdformat_vendor:/opt/ros/jazzy/opt/gz_gui_vendor:/opt/ros/jazzy/opt/gz_transport_vendor:/opt/ros/jazzy/opt/gz_rendering_vendor:/opt/ros/jazzy/opt/gz_plugin_vendor:/opt/ros/jazzy/opt/gz_fuel_tools_vendor:/opt/ros/jazzy/opt/gz_msgs_vendor:/opt/ros/jazzy/opt/gz_common_vendor:/opt/ros/jazzy/opt/gz_math_vendor:/opt/ros/jazzy/opt/gz_utils_vendor:/opt/ros/jazzy/opt/gz_tools_vendor:/opt/ros/jazzy/opt/gz_ogre_next_vendor:/opt/ros/jazzy/opt/gz_dartsim_vendor:/opt/ros/jazzy/opt/gz_cmake_vendor:/home/kunal-jazzy/ROS2-Camera-Visualization/install/four_control:/opt/ros/jazzy DEBUGINFOD_URLS=https://debuginfod.ubuntu.com /usr/bin/cmake --install /home/kunal-jazzy/edge_ws/build/edge_ws
[0.836s] Level 1:colcon.colcon_core.environment:create_environment_scripts_only(edge_ws)
[0.837s] Level 1:colcon.colcon_core.environment:checking '/home/kunal-jazzy/edge_ws/install/edge_ws' for CMake module files
[0.838s] DEBUG:colcon.colcon_core.event_handler.log_command:Invoked command in '/home/kunal-jazzy/edge_ws/build/edge_ws' returned '0': CMAKE_PREFIX_PATH=/home/kunal-jazzy/edge_ws/install/edge_robot_bringup:/home/kunal-jazzy/edge_ws/install/edge_robot_description:/home/kunal-jazzy/edge_ws/install/edge_ws:/home/kunal-jazzy/ros2_ws/install/yahboom_rosmaster_navigation:/home/kunal-jazzy/ros2_ws/install/yahboom_rosmaster_localization:/home/kunal-jazzy/ros2_ws/install/ros2_ws:/home/kunal-jazzy/ros2_ws/install/system_tests:/home/kunal-jazzy/ros2_ws/install/rosmaster_description:/home/kunal-jazzy/ros2_ws/install/ros_navigation:/home/kunal-jazzy/ros2_ws/install/ros_localization:/home/kunal-jazzy/ros2_ws/install/ros_gazebo:/home/kunal-jazzy/ros2_ws/install/ros_bringup:/home/kunal-jazzy/ros2_ws/install/mecanum_drive_controller:/home/kunal-jazzy/ROS2-Camera-Visualization/install/four_worlds:/home/kunal-jazzy/ROS2-Camera-Visualization/install/four_control_bringup:/home/kunal-jazzy/ROS2-Camera-Visualization/install/four_wheel_description:/home/kunal-jazzy/ros2_arm/install/ros2_arm:/home/kunal-jazzy/ros2_arm/install/arm_description:/opt/ros/jazzy/opt/gz_sim_vendor:/opt/ros/jazzy/opt/gz_sensors_vendor:/opt/ros/jazzy/opt/gz_physics_vendor:/opt/ros/jazzy/opt/sdformat_vendor:/opt/ros/jazzy/opt/gz_gui_vendor:/opt/ros/jazzy/opt/gz_transport_vendor:/opt/ros/jazzy/opt/gz_rendering_vendor:/opt/ros/jazzy/opt/gz_plugin_vendor:/opt/ros/jazzy/opt/gz_fuel_tools_vendor:/opt/ros/jazzy/opt/gz_msgs_vendor:/opt/ros/jazzy/opt/gz_common_vendor:/opt/ros/jazzy/opt/gz_math_vendor:/opt/ros/jazzy/opt/gz_utils_vendor:/opt/ros/jazzy/opt/gz_tools_vendor:/opt/ros/jazzy/opt/gz_ogre_next_vendor:/opt/ros/jazzy/opt/gz_dartsim_vendor:/opt/ros/jazzy/opt/gz_cmake_vendor:/home/kunal-jazzy/ROS2-Camera-Visualization/install/four_control:/opt/ros/jazzy DEBUGINFOD_URLS=https://debuginfod.ubuntu.com /usr/bin/cmake --install /home/kunal-jazzy/edge_ws/build/edge_ws
[0.839s] Level 1:colcon.colcon_core.environment:checking '/home/kunal-jazzy/edge_ws/install/edge_ws' for CMake config files
[0.840s] Level 1:colcon.colcon_core.shell:create_environment_hook('edge_ws', 'cmake_prefix_path')
[0.840s] INFO:colcon.colcon_core.shell:Creating environment hook '/home/kunal-jazzy/edge_ws/install/edge_ws/share/edge_ws/hook/cmake_prefix_path.ps1'
[0.841s] INFO:colcon.colcon_core.shell:Creating environment descriptor '/home/kunal-jazzy/edge_ws/install/edge_ws/share/edge_ws/hook/cmake_prefix_path.dsv'
[0.842s] INFO:colcon.colcon_core.shell:Creating environment hook '/home/kunal-jazzy/edge_ws/install/edge_ws/share/edge_ws/hook/cmake_prefix_path.sh'
[0.844s] Level 1:colcon.colcon_core.environment:checking '/home/kunal-jazzy/edge_ws/install/edge_ws/bin'
[0.844s] Level 1:colcon.colcon_core.environment:checking '/home/kunal-jazzy/edge_ws/install/edge_ws/lib/pkgconfig/edge_ws.pc'
[0.845s] Level 1:colcon.colcon_core.environment:checking '/home/kunal-jazzy/edge_ws/install/edge_ws/lib/python3.12/site-packages'
[0.846s] Level 1:colcon.colcon_core.environment:checking '/home/kunal-jazzy/edge_ws/install/edge_ws/bin'
[0.846s] INFO:colcon.colcon_core.shell:Creating package script '/home/kunal-jazzy/edge_ws/install/edge_ws/share/edge_ws/package.ps1'
[0.848s] INFO:colcon.colcon_core.shell:Creating package descriptor '/home/kunal-jazzy/edge_ws/install/edge_ws/share/edge_ws/package.dsv'
[0.849s] INFO:colcon.colcon_core.shell:Creating package script '/home/kunal-jazzy/edge_ws/install/edge_ws/share/edge_ws/package.sh'
[0.850s] INFO:colcon.colcon_core.shell:Creating package script '/home/kunal-jazzy/edge_ws/install/edge_ws/share/edge_ws/package.bash'
[0.851s] INFO:colcon.colcon_core.shell:Creating package script '/home/kunal-jazzy/edge_ws/install/edge_ws/share/edge_ws/package.zsh'
[0.852s] Level 1:colcon.colcon_core.environment:create_file_with_runtime_dependencies(/home/kunal-jazzy/edge_ws/install/edge_ws/share/colcon-core/packages/edge_ws)
[0.853s] Level 1:colcon.colcon_core.environment:create_environment_scripts_only(edge_ws)
[0.854s] Level 1:colcon.colcon_core.environment:checking '/home/kunal-jazzy/edge_ws/install/edge_ws' for CMake module files
[0.855s] Level 1:colcon.colcon_core.environment:checking '/home/kunal-jazzy/edge_ws/install/edge_ws' for CMake config files
[0.855s] Level 1:colcon.colcon_core.shell:create_environment_hook('edge_ws', 'cmake_prefix_path')
[0.855s] INFO:colcon.colcon_core.shell:Creating environment hook '/home/kunal-jazzy/edge_ws/install/edge_ws/share/edge_ws/hook/cmake_prefix_path.ps1'
[0.856s] INFO:colcon.colcon_core.shell:Creating environment descriptor '/home/kunal-jazzy/edge_ws/install/edge_ws/share/edge_ws/hook/cmake_prefix_path.dsv'
[0.857s] INFO:colcon.colcon_core.shell:Creating environment hook '/home/kunal-jazzy/edge_ws/install/edge_ws/share/edge_ws/hook/cmake_prefix_path.sh'
[0.859s] Level 1:colcon.colcon_core.environment:checking '/home/kunal-jazzy/edge_ws/install/edge_ws/bin'
[0.859s] Level 1:colcon.colcon_core.environment:checking '/home/kunal-jazzy/edge_ws/install/edge_ws/lib/pkgconfig/edge_ws.pc'
[0.859s] Level 1:colcon.colcon_core.environment:checking '/home/kunal-jazzy/edge_ws/install/edge_ws/lib/python3.12/site-packages'
[0.860s] Level 1:colcon.colcon_core.environment:checking '/home/kunal-jazzy/edge_ws/install/edge_ws/bin'
[0.861s] INFO:colcon.colcon_core.shell:Creating package script '/home/kunal-jazzy/edge_ws/install/edge_ws/share/edge_ws/package.ps1'
[0.862s] INFO:colcon.colcon_core.shell:Creating package descriptor '/home/kunal-jazzy/edge_ws/install/edge_ws/share/edge_ws/package.dsv'
[0.864s] INFO:colcon.colcon_core.shell:Creating package script '/home/kunal-jazzy/edge_ws/install/edge_ws/share/edge_ws/package.sh'
[0.864s] INFO:colcon.colcon_core.shell:Creating package script '/home/kunal-jazzy/edge_ws/install/edge_ws/share/edge_ws/package.bash'
[0.865s] INFO:colcon.colcon_core.shell:Creating package script '/home/kunal-jazzy/edge_ws/install/edge_ws/share/edge_ws/package.zsh'
[0.866s] Level 1:colcon.colcon_core.environment:create_file_with_runtime_dependencies(/home/kunal-jazzy/edge_ws/install/edge_ws/share/colcon-core/packages/edge_ws)
[0.867s] DEBUG:colcon.colcon_parallel_executor.executor.parallel:closing loop
[0.868s] DEBUG:colcon.colcon_parallel_executor.executor.parallel:loop closed
[0.868s] DEBUG:colcon.colcon_parallel_executor.executor.parallel:run_until_complete finished with '0'
[0.868s] DEBUG:colcon.colcon_core.event_reactor:joining thread
[0.883s] INFO:colcon.colcon_core.plugin_system:Skipping extension 'colcon_notification.desktop_notification.terminal_notifier': Not used on non-Darwin systems
[0.883s] INFO:colcon.colcon_core.plugin_system:Skipping extension 'colcon_notification.desktop_notification.win32': Not used on non-Windows systems
[0.883s] INFO:colcon.colcon_notification.desktop_notification:Sending desktop notification using 'notify2'
[0.915s] DEBUG:colcon.colcon_core.event_reactor:joined thread
[0.915s] INFO:colcon.colcon_core.shell:Creating prefix script '/home/kunal-jazzy/edge_ws/install/local_setup.ps1'
[0.917s] INFO:colcon.colcon_core.shell:Creating prefix util module '/home/kunal-jazzy/edge_ws/install/_local_setup_util_ps1.py'
[0.919s] INFO:colcon.colcon_core.shell:Creating prefix chain script '/home/kunal-jazzy/edge_ws/install/setup.ps1'
[0.922s] INFO:colcon.colcon_core.shell:Creating prefix script '/home/kunal-jazzy/edge_ws/install/local_setup.sh'
[0.923s] INFO:colcon.colcon_core.shell:Creating prefix util module '/home/kunal-jazzy/edge_ws/install/_local_setup_util_sh.py'
[0.924s] INFO:colcon.colcon_core.shell:Creating prefix chain script '/home/kunal-jazzy/edge_ws/install/setup.sh'
[0.927s] INFO:colcon.colcon_core.shell:Creating prefix script '/home/kunal-jazzy/edge_ws/install/local_setup.bash'
[0.927s] INFO:colcon.colcon_core.shell:Creating prefix chain script '/home/kunal-jazzy/edge_ws/install/setup.bash'
[0.930s] INFO:colcon.colcon_core.shell:Creating prefix script '/home/kunal-jazzy/edge_ws/install/local_setup.zsh'
[0.930s] INFO:colcon.colcon_core.shell:Creating prefix chain script '/home/kunal-jazzy/edge_ws/install/setup.zsh'
