[1.192s] Invoking command in '/home/kunal-jazzy/edge_ws/src/robot_control': DEBUGINFOD_URLS=https://debuginfod.ubuntu.com PYTHONPATH=/home/kunal-jazzy/edge_ws/build/robot_control/prefix_override:/usr/lib/python3/dist-packages/colcon_core/task/python/colcon_distutils_commands:/home/kunal-jazzy/edge_ws/install/robot_control/lib/python3.12/site-packages:${PYTHONPATH} /usr/bin/python3 -W ignore:setup.py install is deprecated -W ignore:easy_install command is deprecated setup.py egg_info --egg-base ../../build/robot_control build --build-base /home/kunal-jazzy/edge_ws/build/robot_control/build install --record /home/kunal-jazzy/edge_ws/build/robot_control/install.log --single-version-externally-managed install_data
[1.539s] running egg_info
[1.539s] creating ../../build/robot_control/robot_control.egg-info
[1.563s] writing ../../build/robot_control/robot_control.egg-info/PKG-INFO
[1.563s] writing dependency_links to ../../build/robot_control/robot_control.egg-info/dependency_links.txt
[1.563s] writing requirements to ../../build/robot_control/robot_control.egg-info/requires.txt
[1.563s] writing top-level names to ../../build/robot_control/robot_control.egg-info/top_level.txt
[1.563s] writing manifest file '../../build/robot_control/robot_control.egg-info/SOURCES.txt'
[1.612s] reading manifest file '../../build/robot_control/robot_control.egg-info/SOURCES.txt'
[1.612s] adding license file 'LICENSE'
[1.613s] writing manifest file '../../build/robot_control/robot_control.egg-info/SOURCES.txt'
[1.613s] running build
[1.613s] running build_py
[1.613s] creating /home/kunal-jazzy/edge_ws/build/robot_control/build
[1.613s] creating /home/kunal-jazzy/edge_ws/build/robot_control/build/lib
[1.613s] creating /home/kunal-jazzy/edge_ws/build/robot_control/build/lib/robot_control
[1.613s] copying robot_control/__init__.py -> /home/kunal-jazzy/edge_ws/build/robot_control/build/lib/robot_control
[1.613s] running install
[1.622s] running install_lib
[1.646s] creating /home/kunal-jazzy/edge_ws/install/robot_control/lib/python3.12/site-packages/robot_control
[1.646s] copying /home/kunal-jazzy/edge_ws/build/robot_control/build/lib/robot_control/__init__.py -> /home/kunal-jazzy/edge_ws/install/robot_control/lib/python3.12/site-packages/robot_control
[1.646s] byte-compiling /home/kunal-jazzy/edge_ws/install/robot_control/lib/python3.12/site-packages/robot_control/__init__.py to __init__.cpython-312.pyc
[1.647s] running install_data
[1.647s] creating /home/kunal-jazzy/edge_ws/install/robot_control/share/ament_index
[1.647s] creating /home/kunal-jazzy/edge_ws/install/robot_control/share/ament_index/resource_index
[1.647s] creating /home/kunal-jazzy/edge_ws/install/robot_control/share/ament_index/resource_index/packages
[1.647s] copying resource/robot_control -> /home/kunal-jazzy/edge_ws/install/robot_control/share/ament_index/resource_index/packages
[1.647s] copying package.xml -> /home/kunal-jazzy/edge_ws/install/robot_control/share/robot_control
[1.647s] running install_egg_info
[1.673s] Copying ../../build/robot_control/robot_control.egg-info to /home/kunal-jazzy/edge_ws/install/robot_control/lib/python3.12/site-packages/robot_control-0.0.0-py3.12.egg-info
[1.673s] running install_scripts
[1.836s] writing list of installed files to '/home/kunal-jazzy/edge_ws/build/robot_control/install.log'
[1.879s] Invoked command in '/home/kunal-jazzy/edge_ws/src/robot_control' returned '0': DEBUGINFOD_URLS=https://debuginfod.ubuntu.com PYTHONPATH=/home/kunal-jazzy/edge_ws/build/robot_control/prefix_override:/usr/lib/python3/dist-packages/colcon_core/task/python/colcon_distutils_commands:/home/kunal-jazzy/edge_ws/install/robot_control/lib/python3.12/site-packages:${PYTHONPATH} /usr/bin/python3 -W ignore:setup.py install is deprecated -W ignore:easy_install command is deprecated setup.py egg_info --egg-base ../../build/robot_control build --build-base /home/kunal-jazzy/edge_ws/build/robot_control/build install --record /home/kunal-jazzy/edge_ws/build/robot_control/install.log --single-version-externally-managed install_data
