[0.115s] DEBUG:colcon:Command line arguments: ['/usr/bin/colcon', 'build']
[0.116s] DEBUG:colcon:Parsed command line arguments: Namespace(log_base=None, log_level=None, verb_name='build', build_base='build', install_base='install', merge_install=False, symlink_install=False, test_result_base=None, continue_on_error=False, executor='parallel', parallel_workers=12, event_handlers=None, ignore_user_meta=False, metas=['./colcon.meta'], base_paths=['.'], packages_ignore=None, packages_ignore_regex=None, paths=None, packages_up_to=None, packages_up_to_regex=None, packages_above=None, packages_above_and_dependencies=None, packages_above_depth=None, packages_select_by_dep=None, packages_skip_by_dep=None, packages_skip_up_to=None, packages_select_build_failed=False, packages_skip_build_finished=False, packages_select_test_failures=False, packages_skip_test_passed=False, packages_select=None, packages_skip=None, packages_select_regex=None, packages_skip_regex=None, packages_start=None, packages_end=None, allow_overriding=[], cmake_args=None, cmake_target=None, cmake_target_skip_unavailable=False, cmake_clean_cache=False, cmake_clean_first=False, cmake_force_configure=False, ament_cmake_args=None, catkin_cmake_args=None, catkin_skip_building_tests=False, verb_parser=<colcon_defaults.argument_parser.defaults.DefaultArgumentsDecorator object at 0x7e53fd1628d0>, verb_extension=<colcon_core.verb.build.BuildVerb object at 0x7e53fd10c530>, main=<bound method BuildVerb.main of <colcon_core.verb.build.BuildVerb object at 0x7e53fd10c530>>)
[0.159s] Level 1:colcon.colcon_core.package_discovery:discover_packages(colcon_meta) check parameters
[0.160s] Level 1:colcon.colcon_core.package_discovery:discover_packages(recursive) check parameters
[0.160s] Level 1:colcon.colcon_core.package_discovery:discover_packages(ignore) check parameters
[0.160s] Level 1:colcon.colcon_core.package_discovery:discover_packages(path) check parameters
[0.160s] Level 1:colcon.colcon_core.package_discovery:discover_packages(colcon_meta) discover
[0.160s] Level 1:colcon.colcon_core.package_discovery:discover_packages(recursive) discover
[0.160s] INFO:colcon.colcon_core.package_discovery:Crawling recursively for packages in '/home/kunal-jazzy/edge_ws'
[0.160s] Level 1:colcon.colcon_core.package_identification:_identify(.) by extensions ['ignore', 'ignore_ament_install']
[0.160s] Level 1:colcon.colcon_core.package_identification:_identify(.) by extension 'ignore'
[0.160s] Level 1:colcon.colcon_core.package_identification:_identify(.) by extension 'ignore_ament_install'
[0.160s] Level 1:colcon.colcon_core.package_identification:_identify(.) by extensions ['colcon_pkg']
[0.160s] Level 1:colcon.colcon_core.package_identification:_identify(.) by extension 'colcon_pkg'
[0.160s] Level 1:colcon.colcon_core.package_identification:_identify(.) by extensions ['colcon_meta']
[0.160s] Level 1:colcon.colcon_core.package_identification:_identify(.) by extension 'colcon_meta'
[0.160s] Level 1:colcon.colcon_core.package_identification:_identify(.) by extensions ['ros']
[0.160s] Level 1:colcon.colcon_core.package_identification:_identify(.) by extension 'ros'
[0.191s] Level 1:colcon.colcon_core.package_identification:_identify(.) by extensions ['cmake', 'python']
[0.191s] Level 1:colcon.colcon_core.package_identification:_identify(.) by extension 'cmake'
[0.191s] Level 1:colcon.colcon_core.package_identification:_identify(.) by extension 'python'
[0.191s] Level 1:colcon.colcon_core.package_identification:_identify(.) by extensions ['python_setup_py']
[0.191s] Level 1:colcon.colcon_core.package_identification:_identify(.) by extension 'python_setup_py'
[0.191s] Level 1:colcon.colcon_core.package_identification:_identify(build) by extensions ['ignore', 'ignore_ament_install']
[0.192s] Level 1:colcon.colcon_core.package_identification:_identify(build) by extension 'ignore'
[0.192s] Level 1:colcon.colcon_core.package_identification:_identify(build) ignored
[0.192s] Level 1:colcon.colcon_core.package_identification:_identify(install) by extensions ['ignore', 'ignore_ament_install']
[0.192s] Level 1:colcon.colcon_core.package_identification:_identify(install) by extension 'ignore'
[0.192s] Level 1:colcon.colcon_core.package_identification:_identify(install) ignored
[0.192s] Level 1:colcon.colcon_core.package_identification:_identify(log) by extensions ['ignore', 'ignore_ament_install']
[0.192s] Level 1:colcon.colcon_core.package_identification:_identify(log) by extension 'ignore'
[0.192s] Level 1:colcon.colcon_core.package_identification:_identify(log) ignored
[0.192s] Level 1:colcon.colcon_core.package_identification:_identify(src) by extensions ['ignore', 'ignore_ament_install']
[0.192s] Level 1:colcon.colcon_core.package_identification:_identify(src) by extension 'ignore'
[0.192s] Level 1:colcon.colcon_core.package_identification:_identify(src) by extension 'ignore_ament_install'
[0.192s] Level 1:colcon.colcon_core.package_identification:_identify(src) by extensions ['colcon_pkg']
[0.192s] Level 1:colcon.colcon_core.package_identification:_identify(src) by extension 'colcon_pkg'
[0.193s] Level 1:colcon.colcon_core.package_identification:_identify(src) by extensions ['colcon_meta']
[0.193s] Level 1:colcon.colcon_core.package_identification:_identify(src) by extension 'colcon_meta'
[0.193s] Level 1:colcon.colcon_core.package_identification:_identify(src) by extensions ['ros']
[0.193s] Level 1:colcon.colcon_core.package_identification:_identify(src) by extension 'ros'
[0.193s] Level 1:colcon.colcon_core.package_identification:_identify(src) by extensions ['cmake', 'python']
[0.193s] Level 1:colcon.colcon_core.package_identification:_identify(src) by extension 'cmake'
[0.193s] Level 1:colcon.colcon_core.package_identification:_identify(src) by extension 'python'
[0.193s] Level 1:colcon.colcon_core.package_identification:_identify(src) by extensions ['python_setup_py']
[0.193s] Level 1:colcon.colcon_core.package_identification:_identify(src) by extension 'python_setup_py'
[0.193s] Level 1:colcon.colcon_core.package_identification:_identify(src/edge_robot_bringup) by extensions ['ignore', 'ignore_ament_install']
[0.193s] Level 1:colcon.colcon_core.package_identification:_identify(src/edge_robot_bringup) by extension 'ignore'
[0.193s] Level 1:colcon.colcon_core.package_identification:_identify(src/edge_robot_bringup) by extension 'ignore_ament_install'
[0.193s] Level 1:colcon.colcon_core.package_identification:_identify(src/edge_robot_bringup) by extensions ['colcon_pkg']
[0.193s] Level 1:colcon.colcon_core.package_identification:_identify(src/edge_robot_bringup) by extension 'colcon_pkg'
[0.193s] Level 1:colcon.colcon_core.package_identification:_identify(src/edge_robot_bringup) by extensions ['colcon_meta']
[0.194s] Level 1:colcon.colcon_core.package_identification:_identify(src/edge_robot_bringup) by extension 'colcon_meta'
[0.194s] Level 1:colcon.colcon_core.package_identification:_identify(src/edge_robot_bringup) by extensions ['ros']
[0.194s] Level 1:colcon.colcon_core.package_identification:_identify(src/edge_robot_bringup) by extension 'ros'
[0.196s] DEBUG:colcon.colcon_core.package_identification:Package 'src/edge_robot_bringup' with type 'ros.ament_cmake' and name 'edge_robot_bringup'
[0.197s] Level 1:colcon.colcon_core.package_identification:_identify(src/edge_robot_description) by extensions ['ignore', 'ignore_ament_install']
[0.197s] Level 1:colcon.colcon_core.package_identification:_identify(src/edge_robot_description) by extension 'ignore'
[0.197s] Level 1:colcon.colcon_core.package_identification:_identify(src/edge_robot_description) by extension 'ignore_ament_install'
[0.197s] Level 1:colcon.colcon_core.package_identification:_identify(src/edge_robot_description) by extensions ['colcon_pkg']
[0.197s] Level 1:colcon.colcon_core.package_identification:_identify(src/edge_robot_description) by extension 'colcon_pkg'
[0.197s] Level 1:colcon.colcon_core.package_identification:_identify(src/edge_robot_description) by extensions ['colcon_meta']
[0.197s] Level 1:colcon.colcon_core.package_identification:_identify(src/edge_robot_description) by extension 'colcon_meta'
[0.197s] Level 1:colcon.colcon_core.package_identification:_identify(src/edge_robot_description) by extensions ['ros']
[0.197s] Level 1:colcon.colcon_core.package_identification:_identify(src/edge_robot_description) by extension 'ros'
[0.198s] DEBUG:colcon.colcon_core.package_identification:Package 'src/edge_robot_description' with type 'ros.ament_cmake' and name 'edge_robot_description'
[0.198s] Level 1:colcon.colcon_core.package_identification:_identify(src/edge_ws) by extensions ['ignore', 'ignore_ament_install']
[0.198s] Level 1:colcon.colcon_core.package_identification:_identify(src/edge_ws) by extension 'ignore'
[0.198s] Level 1:colcon.colcon_core.package_identification:_identify(src/edge_ws) by extension 'ignore_ament_install'
[0.198s] Level 1:colcon.colcon_core.package_identification:_identify(src/edge_ws) by extensions ['colcon_pkg']
[0.198s] Level 1:colcon.colcon_core.package_identification:_identify(src/edge_ws) by extension 'colcon_pkg'
[0.198s] Level 1:colcon.colcon_core.package_identification:_identify(src/edge_ws) by extensions ['colcon_meta']
[0.198s] Level 1:colcon.colcon_core.package_identification:_identify(src/edge_ws) by extension 'colcon_meta'
[0.198s] Level 1:colcon.colcon_core.package_identification:_identify(src/edge_ws) by extensions ['ros']
[0.198s] Level 1:colcon.colcon_core.package_identification:_identify(src/edge_ws) by extension 'ros'
[0.199s] DEBUG:colcon.colcon_core.package_identification:Package 'src/edge_ws' with type 'ros.ament_cmake' and name 'edge_ws'
[0.199s] Level 1:colcon.colcon_core.package_discovery:discover_packages(recursive) using defaults
[0.199s] Level 1:colcon.colcon_core.package_discovery:discover_packages(ignore) discover
[0.199s] Level 1:colcon.colcon_core.package_discovery:discover_packages(ignore) using defaults
[0.199s] Level 1:colcon.colcon_core.package_discovery:discover_packages(path) discover
[0.199s] Level 1:colcon.colcon_core.package_discovery:discover_packages(path) using defaults
[0.220s] Level 1:colcon.colcon_core.package_discovery:discover_packages(prefix_path) check parameters
[0.220s] Level 1:colcon.colcon_core.package_discovery:discover_packages(prefix_path) discover
[0.222s] DEBUG:colcon.colcon_installed_package_information.package_discovery:Found 3 installed packages in /home/kunal-jazzy/edge_ws/install
[0.223s] DEBUG:colcon.colcon_installed_package_information.package_discovery:Found 4 installed packages in /home/kunal-jazzy/ROS2-Camera-Visualization/install
[0.223s] DEBUG:colcon.colcon_installed_package_information.package_discovery:Found 8 installed packages in /home/kunal-jazzy/ros2_ws/install
[0.224s] DEBUG:colcon.colcon_installed_package_information.package_discovery:Found 2 installed packages in /home/kunal-jazzy/ros2_arm/install
[0.226s] DEBUG:colcon.colcon_installed_package_information.package_discovery:Found 500 installed packages in /opt/ros/jazzy
[0.228s] Level 1:colcon.colcon_core.package_discovery:discover_packages(prefix_path) using defaults
[0.293s] Level 5:colcon.colcon_core.verb:set package 'edge_robot_description' build argument 'cmake_args' from command line to 'None'
[0.293s] Level 5:colcon.colcon_core.verb:set package 'edge_robot_description' build argument 'cmake_target' from command line to 'None'
[0.293s] Level 5:colcon.colcon_core.verb:set package 'edge_robot_description' build argument 'cmake_target_skip_unavailable' from command line to 'False'
[0.293s] Level 5:colcon.colcon_core.verb:set package 'edge_robot_description' build argument 'cmake_clean_cache' from command line to 'False'
[0.293s] Level 5:colcon.colcon_core.verb:set package 'edge_robot_description' build argument 'cmake_clean_first' from command line to 'False'
[0.293s] Level 5:colcon.colcon_core.verb:set package 'edge_robot_description' build argument 'cmake_force_configure' from command line to 'False'
[0.293s] Level 5:colcon.colcon_core.verb:set package 'edge_robot_description' build argument 'ament_cmake_args' from command line to 'None'
[0.293s] Level 5:colcon.colcon_core.verb:set package 'edge_robot_description' build argument 'catkin_cmake_args' from command line to 'None'
[0.293s] Level 5:colcon.colcon_core.verb:set package 'edge_robot_description' build argument 'catkin_skip_building_tests' from command line to 'False'
[0.293s] DEBUG:colcon.colcon_core.verb:Building package 'edge_robot_description' with the following arguments: {'ament_cmake_args': None, 'build_base': '/home/kunal-jazzy/edge_ws/build/edge_robot_description', 'catkin_cmake_args': None, 'catkin_skip_building_tests': False, 'cmake_args': None, 'cmake_clean_cache': False, 'cmake_clean_first': False, 'cmake_force_configure': False, 'cmake_target': None, 'cmake_target_skip_unavailable': False, 'install_base': '/home/kunal-jazzy/edge_ws/install/edge_robot_description', 'merge_install': False, 'path': '/home/kunal-jazzy/edge_ws/src/edge_robot_description', 'symlink_install': False, 'test_result_base': None}
[0.294s] Level 5:colcon.colcon_core.verb:set package 'edge_robot_bringup' build argument 'cmake_args' from command line to 'None'
[0.294s] Level 5:colcon.colcon_core.verb:set package 'edge_robot_bringup' build argument 'cmake_target' from command line to 'None'
[0.294s] Level 5:colcon.colcon_core.verb:set package 'edge_robot_bringup' build argument 'cmake_target_skip_unavailable' from command line to 'False'
[0.294s] Level 5:colcon.colcon_core.verb:set package 'edge_robot_bringup' build argument 'cmake_clean_cache' from command line to 'False'
[0.294s] Level 5:colcon.colcon_core.verb:set package 'edge_robot_bringup' build argument 'cmake_clean_first' from command line to 'False'
[0.294s] Level 5:colcon.colcon_core.verb:set package 'edge_robot_bringup' build argument 'cmake_force_configure' from command line to 'False'
[0.294s] Level 5:colcon.colcon_core.verb:set package 'edge_robot_bringup' build argument 'ament_cmake_args' from command line to 'None'
[0.294s] Level 5:colcon.colcon_core.verb:set package 'edge_robot_bringup' build argument 'catkin_cmake_args' from command line to 'None'
[0.294s] Level 5:colcon.colcon_core.verb:set package 'edge_robot_bringup' build argument 'catkin_skip_building_tests' from command line to 'False'
[0.294s] DEBUG:colcon.colcon_core.verb:Building package 'edge_robot_bringup' with the following arguments: {'ament_cmake_args': None, 'build_base': '/home/kunal-jazzy/edge_ws/build/edge_robot_bringup', 'catkin_cmake_args': None, 'catkin_skip_building_tests': False, 'cmake_args': None, 'cmake_clean_cache': False, 'cmake_clean_first': False, 'cmake_force_configure': False, 'cmake_target': None, 'cmake_target_skip_unavailable': False, 'install_base': '/home/kunal-jazzy/edge_ws/install/edge_robot_bringup', 'merge_install': False, 'path': '/home/kunal-jazzy/edge_ws/src/edge_robot_bringup', 'symlink_install': False, 'test_result_base': None}
[0.294s] Level 5:colcon.colcon_core.verb:set package 'edge_ws' build argument 'cmake_args' from command line to 'None'
[0.294s] Level 5:colcon.colcon_core.verb:set package 'edge_ws' build argument 'cmake_target' from command line to 'None'
[0.294s] Level 5:colcon.colcon_core.verb:set package 'edge_ws' build argument 'cmake_target_skip_unavailable' from command line to 'False'
[0.294s] Level 5:colcon.colcon_core.verb:set package 'edge_ws' build argument 'cmake_clean_cache' from command line to 'False'
[0.294s] Level 5:colcon.colcon_core.verb:set package 'edge_ws' build argument 'cmake_clean_first' from command line to 'False'
[0.294s] Level 5:colcon.colcon_core.verb:set package 'edge_ws' build argument 'cmake_force_configure' from command line to 'False'
[0.294s] Level 5:colcon.colcon_core.verb:set package 'edge_ws' build argument 'ament_cmake_args' from command line to 'None'
[0.294s] Level 5:colcon.colcon_core.verb:set package 'edge_ws' build argument 'catkin_cmake_args' from command line to 'None'
[0.294s] Level 5:colcon.colcon_core.verb:set package 'edge_ws' build argument 'catkin_skip_building_tests' from command line to 'False'
[0.294s] DEBUG:colcon.colcon_core.verb:Building package 'edge_ws' with the following arguments: {'ament_cmake_args': None, 'build_base': '/home/kunal-jazzy/edge_ws/build/edge_ws', 'catkin_cmake_args': None, 'catkin_skip_building_tests': False, 'cmake_args': None, 'cmake_clean_cache': False, 'cmake_clean_first': False, 'cmake_force_configure': False, 'cmake_target': None, 'cmake_target_skip_unavailable': False, 'install_base': '/home/kunal-jazzy/edge_ws/install/edge_ws', 'merge_install': False, 'path': '/home/kunal-jazzy/edge_ws/src/edge_ws', 'symlink_install': False, 'test_result_base': None}
[0.294s] INFO:colcon.colcon_core.executor:Executing jobs using 'parallel' executor
[0.295s] DEBUG:colcon.colcon_parallel_executor.executor.parallel:run_until_complete
[0.296s] INFO:colcon.colcon_ros.task.ament_cmake.build:Building ROS package in '/home/kunal-jazzy/edge_ws/src/edge_robot_description' with build type 'ament_cmake'
[0.296s] INFO:colcon.colcon_cmake.task.cmake.build:Building CMake package in '/home/kunal-jazzy/edge_ws/src/edge_robot_description'
[0.298s] INFO:colcon.colcon_core.plugin_system:Skipping extension 'colcon_core.shell.bat': Not used on non-Windows systems
[0.299s] INFO:colcon.colcon_core.shell:Skip shell extension 'powershell' for command environment: Not usable outside of PowerShell
[0.299s] DEBUG:colcon.colcon_core.shell:Skip shell extension 'dsv' for command environment
[0.311s] DEBUG:colcon.colcon_core.event_handler.log_command:Invoking command in '/home/kunal-jazzy/edge_ws/build/edge_robot_description': CMAKE_PREFIX_PATH=${CMAKE_PREFIX_PATH}:/home/kunal-jazzy/ROS2-Camera-Visualization/install/four_control:/opt/ros/jazzy DEBUGINFOD_URLS=https://debuginfod.ubuntu.com /usr/bin/cmake --build /home/kunal-jazzy/edge_ws/build/edge_robot_description -- -j12 -l12
[0.371s] DEBUG:colcon.colcon_core.event_handler.log_command:Invoked command in '/home/kunal-jazzy/edge_ws/build/edge_robot_description' returned '0': CMAKE_PREFIX_PATH=${CMAKE_PREFIX_PATH}:/home/kunal-jazzy/ROS2-Camera-Visualization/install/four_control:/opt/ros/jazzy DEBUGINFOD_URLS=https://debuginfod.ubuntu.com /usr/bin/cmake --build /home/kunal-jazzy/edge_ws/build/edge_robot_description -- -j12 -l12
[0.384s] DEBUG:colcon.colcon_core.event_handler.log_command:Invoking command in '/home/kunal-jazzy/edge_ws/build/edge_robot_description': CMAKE_PREFIX_PATH=${CMAKE_PREFIX_PATH}:/home/kunal-jazzy/ROS2-Camera-Visualization/install/four_control:/opt/ros/jazzy DEBUGINFOD_URLS=https://debuginfod.ubuntu.com /usr/bin/cmake --install /home/kunal-jazzy/edge_ws/build/edge_robot_description
[0.401s] Level 1:colcon.colcon_core.environment:create_environment_scripts_only(edge_robot_description)
[0.408s] DEBUG:colcon.colcon_core.event_handler.log_command:Invoked command in '/home/kunal-jazzy/edge_ws/build/edge_robot_description' returned '0': CMAKE_PREFIX_PATH=${CMAKE_PREFIX_PATH}:/home/kunal-jazzy/ROS2-Camera-Visualization/install/four_control:/opt/ros/jazzy DEBUGINFOD_URLS=https://debuginfod.ubuntu.com /usr/bin/cmake --install /home/kunal-jazzy/edge_ws/build/edge_robot_description
[0.409s] Level 1:colcon.colcon_core.environment:checking '/home/kunal-jazzy/edge_ws/install/edge_robot_description' for CMake module files
[0.410s] Level 1:colcon.colcon_core.environment:checking '/home/kunal-jazzy/edge_ws/install/edge_robot_description' for CMake config files
[0.410s] Level 1:colcon.colcon_core.shell:create_environment_hook('edge_robot_description', 'cmake_prefix_path')
[0.410s] INFO:colcon.colcon_core.shell:Creating environment hook '/home/kunal-jazzy/edge_ws/install/edge_robot_description/share/edge_robot_description/hook/cmake_prefix_path.ps1'
[0.411s] INFO:colcon.colcon_core.shell:Creating environment descriptor '/home/kunal-jazzy/edge_ws/install/edge_robot_description/share/edge_robot_description/hook/cmake_prefix_path.dsv'
[0.412s] INFO:colcon.colcon_core.shell:Creating environment hook '/home/kunal-jazzy/edge_ws/install/edge_robot_description/share/edge_robot_description/hook/cmake_prefix_path.sh'
[0.413s] Level 1:colcon.colcon_core.environment:checking '/home/kunal-jazzy/edge_ws/install/edge_robot_description/bin'
[0.413s] Level 1:colcon.colcon_core.environment:checking '/home/kunal-jazzy/edge_ws/install/edge_robot_description/lib/pkgconfig/edge_robot_description.pc'
[0.414s] Level 1:colcon.colcon_core.environment:checking '/home/kunal-jazzy/edge_ws/install/edge_robot_description/lib/python3.12/site-packages'
[0.414s] Level 1:colcon.colcon_core.environment:checking '/home/kunal-jazzy/edge_ws/install/edge_robot_description/bin'
[0.415s] INFO:colcon.colcon_core.shell:Creating package script '/home/kunal-jazzy/edge_ws/install/edge_robot_description/share/edge_robot_description/package.ps1'
[0.416s] INFO:colcon.colcon_core.shell:Creating package descriptor '/home/kunal-jazzy/edge_ws/install/edge_robot_description/share/edge_robot_description/package.dsv'
[0.417s] INFO:colcon.colcon_core.shell:Creating package script '/home/kunal-jazzy/edge_ws/install/edge_robot_description/share/edge_robot_description/package.sh'
[0.417s] INFO:colcon.colcon_core.shell:Creating package script '/home/kunal-jazzy/edge_ws/install/edge_robot_description/share/edge_robot_description/package.bash'
[0.418s] INFO:colcon.colcon_core.shell:Creating package script '/home/kunal-jazzy/edge_ws/install/edge_robot_description/share/edge_robot_description/package.zsh'
[0.419s] Level 1:colcon.colcon_core.environment:create_file_with_runtime_dependencies(/home/kunal-jazzy/edge_ws/install/edge_robot_description/share/colcon-core/packages/edge_robot_description)
[0.420s] Level 1:colcon.colcon_core.environment:create_environment_scripts_only(edge_robot_description)
[0.420s] Level 1:colcon.colcon_core.environment:checking '/home/kunal-jazzy/edge_ws/install/edge_robot_description' for CMake module files
[0.421s] Level 1:colcon.colcon_core.environment:checking '/home/kunal-jazzy/edge_ws/install/edge_robot_description' for CMake config files
[0.421s] Level 1:colcon.colcon_core.shell:create_environment_hook('edge_robot_description', 'cmake_prefix_path')
[0.421s] INFO:colcon.colcon_core.shell:Creating environment hook '/home/kunal-jazzy/edge_ws/install/edge_robot_description/share/edge_robot_description/hook/cmake_prefix_path.ps1'
[0.421s] INFO:colcon.colcon_core.shell:Creating environment descriptor '/home/kunal-jazzy/edge_ws/install/edge_robot_description/share/edge_robot_description/hook/cmake_prefix_path.dsv'
[0.422s] INFO:colcon.colcon_core.shell:Creating environment hook '/home/kunal-jazzy/edge_ws/install/edge_robot_description/share/edge_robot_description/hook/cmake_prefix_path.sh'
[0.423s] Level 1:colcon.colcon_core.environment:checking '/home/kunal-jazzy/edge_ws/install/edge_robot_description/bin'
[0.423s] Level 1:colcon.colcon_core.environment:checking '/home/kunal-jazzy/edge_ws/install/edge_robot_description/lib/pkgconfig/edge_robot_description.pc'
[0.423s] Level 1:colcon.colcon_core.environment:checking '/home/kunal-jazzy/edge_ws/install/edge_robot_description/lib/python3.12/site-packages'
[0.424s] Level 1:colcon.colcon_core.environment:checking '/home/kunal-jazzy/edge_ws/install/edge_robot_description/bin'
[0.424s] INFO:colcon.colcon_core.shell:Creating package script '/home/kunal-jazzy/edge_ws/install/edge_robot_description/share/edge_robot_description/package.ps1'
[0.424s] INFO:colcon.colcon_core.shell:Creating package descriptor '/home/kunal-jazzy/edge_ws/install/edge_robot_description/share/edge_robot_description/package.dsv'
[0.425s] INFO:colcon.colcon_core.shell:Creating package script '/home/kunal-jazzy/edge_ws/install/edge_robot_description/share/edge_robot_description/package.sh'
[0.426s] INFO:colcon.colcon_core.shell:Creating package script '/home/kunal-jazzy/edge_ws/install/edge_robot_description/share/edge_robot_description/package.bash'
[0.426s] INFO:colcon.colcon_core.shell:Creating package script '/home/kunal-jazzy/edge_ws/install/edge_robot_description/share/edge_robot_description/package.zsh'
[0.427s] Level 1:colcon.colcon_core.environment:create_file_with_runtime_dependencies(/home/kunal-jazzy/edge_ws/install/edge_robot_description/share/colcon-core/packages/edge_robot_description)
[0.427s] INFO:colcon.colcon_ros.task.ament_cmake.build:Building ROS package in '/home/kunal-jazzy/edge_ws/src/edge_robot_bringup' with build type 'ament_cmake'
[0.427s] INFO:colcon.colcon_cmake.task.cmake.build:Building CMake package in '/home/kunal-jazzy/edge_ws/src/edge_robot_bringup'
[0.427s] INFO:colcon.colcon_core.shell:Skip shell extension 'powershell' for command environment: Not usable outside of PowerShell
[0.427s] DEBUG:colcon.colcon_core.shell:Skip shell extension 'dsv' for command environment
[0.444s] DEBUG:colcon.colcon_core.event_handler.log_command:Invoking command in '/home/kunal-jazzy/edge_ws/build/edge_robot_bringup': CMAKE_PREFIX_PATH=/home/kunal-jazzy/edge_ws/install/edge_robot_description:/home/kunal-jazzy/edge_ws/install/edge_robot_bringup:/home/kunal-jazzy/edge_ws/install/edge_ws:/home/kunal-jazzy/ros2_ws/install/ros2_ws:/home/kunal-jazzy/ros2_ws/install/system_tests:/home/kunal-jazzy/ros2_ws/install/rosmaster_description:/home/kunal-jazzy/ros2_ws/install/ros_navigation:/home/kunal-jazzy/ros2_ws/install/ros_localization:/home/kunal-jazzy/ros2_ws/install/ros_gazebo:/home/kunal-jazzy/ros2_ws/install/ros_bringup:/home/kunal-jazzy/ros2_ws/install/mecanum_drive_controller:/home/kunal-jazzy/ROS2-Camera-Visualization/install/four_worlds:/home/kunal-jazzy/ROS2-Camera-Visualization/install/four_control_bringup:/home/kunal-jazzy/ROS2-Camera-Visualization/install/four_wheel_description:/home/kunal-jazzy/ros2_arm/install/ros2_arm:/home/kunal-jazzy/ros2_arm/install/arm_description:/opt/ros/jazzy/opt/gz_sim_vendor:/opt/ros/jazzy/opt/gz_sensors_vendor:/opt/ros/jazzy/opt/gz_physics_vendor:/opt/ros/jazzy/opt/sdformat_vendor:/opt/ros/jazzy/opt/gz_gui_vendor:/opt/ros/jazzy/opt/gz_transport_vendor:/opt/ros/jazzy/opt/gz_rendering_vendor:/opt/ros/jazzy/opt/gz_plugin_vendor:/opt/ros/jazzy/opt/gz_fuel_tools_vendor:/opt/ros/jazzy/opt/gz_msgs_vendor:/opt/ros/jazzy/opt/gz_common_vendor:/opt/ros/jazzy/opt/gz_math_vendor:/opt/ros/jazzy/opt/gz_utils_vendor:/opt/ros/jazzy/opt/gz_tools_vendor:/opt/ros/jazzy/opt/gz_ogre_next_vendor:/opt/ros/jazzy/opt/gz_dartsim_vendor:/opt/ros/jazzy/opt/gz_cmake_vendor:/home/kunal-jazzy/ROS2-Camera-Visualization/install/four_control:/opt/ros/jazzy DEBUGINFOD_URLS=https://debuginfod.ubuntu.com /usr/bin/cmake --build /home/kunal-jazzy/edge_ws/build/edge_robot_bringup -- -j12 -l12
[0.509s] DEBUG:colcon.colcon_core.event_handler.log_command:Invoked command in '/home/kunal-jazzy/edge_ws/build/edge_robot_bringup' returned '0': CMAKE_PREFIX_PATH=/home/kunal-jazzy/edge_ws/install/edge_robot_description:/home/kunal-jazzy/edge_ws/install/edge_robot_bringup:/home/kunal-jazzy/edge_ws/install/edge_ws:/home/kunal-jazzy/ros2_ws/install/ros2_ws:/home/kunal-jazzy/ros2_ws/install/system_tests:/home/kunal-jazzy/ros2_ws/install/rosmaster_description:/home/kunal-jazzy/ros2_ws/install/ros_navigation:/home/kunal-jazzy/ros2_ws/install/ros_localization:/home/kunal-jazzy/ros2_ws/install/ros_gazebo:/home/kunal-jazzy/ros2_ws/install/ros_bringup:/home/kunal-jazzy/ros2_ws/install/mecanum_drive_controller:/home/kunal-jazzy/ROS2-Camera-Visualization/install/four_worlds:/home/kunal-jazzy/ROS2-Camera-Visualization/install/four_control_bringup:/home/kunal-jazzy/ROS2-Camera-Visualization/install/four_wheel_description:/home/kunal-jazzy/ros2_arm/install/ros2_arm:/home/kunal-jazzy/ros2_arm/install/arm_description:/opt/ros/jazzy/opt/gz_sim_vendor:/opt/ros/jazzy/opt/gz_sensors_vendor:/opt/ros/jazzy/opt/gz_physics_vendor:/opt/ros/jazzy/opt/sdformat_vendor:/opt/ros/jazzy/opt/gz_gui_vendor:/opt/ros/jazzy/opt/gz_transport_vendor:/opt/ros/jazzy/opt/gz_rendering_vendor:/opt/ros/jazzy/opt/gz_plugin_vendor:/opt/ros/jazzy/opt/gz_fuel_tools_vendor:/opt/ros/jazzy/opt/gz_msgs_vendor:/opt/ros/jazzy/opt/gz_common_vendor:/opt/ros/jazzy/opt/gz_math_vendor:/opt/ros/jazzy/opt/gz_utils_vendor:/opt/ros/jazzy/opt/gz_tools_vendor:/opt/ros/jazzy/opt/gz_ogre_next_vendor:/opt/ros/jazzy/opt/gz_dartsim_vendor:/opt/ros/jazzy/opt/gz_cmake_vendor:/home/kunal-jazzy/ROS2-Camera-Visualization/install/four_control:/opt/ros/jazzy DEBUGINFOD_URLS=https://debuginfod.ubuntu.com /usr/bin/cmake --build /home/kunal-jazzy/edge_ws/build/edge_robot_bringup -- -j12 -l12
[0.510s] DEBUG:colcon.colcon_core.event_handler.log_command:Invoking command in '/home/kunal-jazzy/edge_ws/build/edge_robot_bringup': CMAKE_PREFIX_PATH=/home/kunal-jazzy/edge_ws/install/edge_robot_description:/home/kunal-jazzy/edge_ws/install/edge_robot_bringup:/home/kunal-jazzy/edge_ws/install/edge_ws:/home/kunal-jazzy/ros2_ws/install/ros2_ws:/home/kunal-jazzy/ros2_ws/install/system_tests:/home/kunal-jazzy/ros2_ws/install/rosmaster_description:/home/kunal-jazzy/ros2_ws/install/ros_navigation:/home/kunal-jazzy/ros2_ws/install/ros_localization:/home/kunal-jazzy/ros2_ws/install/ros_gazebo:/home/kunal-jazzy/ros2_ws/install/ros_bringup:/home/kunal-jazzy/ros2_ws/install/mecanum_drive_controller:/home/kunal-jazzy/ROS2-Camera-Visualization/install/four_worlds:/home/kunal-jazzy/ROS2-Camera-Visualization/install/four_control_bringup:/home/kunal-jazzy/ROS2-Camera-Visualization/install/four_wheel_description:/home/kunal-jazzy/ros2_arm/install/ros2_arm:/home/kunal-jazzy/ros2_arm/install/arm_description:/opt/ros/jazzy/opt/gz_sim_vendor:/opt/ros/jazzy/opt/gz_sensors_vendor:/opt/ros/jazzy/opt/gz_physics_vendor:/opt/ros/jazzy/opt/sdformat_vendor:/opt/ros/jazzy/opt/gz_gui_vendor:/opt/ros/jazzy/opt/gz_transport_vendor:/opt/ros/jazzy/opt/gz_rendering_vendor:/opt/ros/jazzy/opt/gz_plugin_vendor:/opt/ros/jazzy/opt/gz_fuel_tools_vendor:/opt/ros/jazzy/opt/gz_msgs_vendor:/opt/ros/jazzy/opt/gz_common_vendor:/opt/ros/jazzy/opt/gz_math_vendor:/opt/ros/jazzy/opt/gz_utils_vendor:/opt/ros/jazzy/opt/gz_tools_vendor:/opt/ros/jazzy/opt/gz_ogre_next_vendor:/opt/ros/jazzy/opt/gz_dartsim_vendor:/opt/ros/jazzy/opt/gz_cmake_vendor:/home/kunal-jazzy/ROS2-Camera-Visualization/install/four_control:/opt/ros/jazzy DEBUGINFOD_URLS=https://debuginfod.ubuntu.com /usr/bin/cmake --install /home/kunal-jazzy/edge_ws/build/edge_robot_bringup
[0.525s] Level 1:colcon.colcon_core.environment:create_environment_scripts_only(edge_robot_bringup)
[0.525s] Level 1:colcon.colcon_core.environment:checking '/home/kunal-jazzy/edge_ws/install/edge_robot_bringup' for CMake module files
[0.526s] DEBUG:colcon.colcon_core.event_handler.log_command:Invoked command in '/home/kunal-jazzy/edge_ws/build/edge_robot_bringup' returned '0': CMAKE_PREFIX_PATH=/home/kunal-jazzy/edge_ws/install/edge_robot_description:/home/kunal-jazzy/edge_ws/install/edge_robot_bringup:/home/kunal-jazzy/edge_ws/install/edge_ws:/home/kunal-jazzy/ros2_ws/install/ros2_ws:/home/kunal-jazzy/ros2_ws/install/system_tests:/home/kunal-jazzy/ros2_ws/install/rosmaster_description:/home/kunal-jazzy/ros2_ws/install/ros_navigation:/home/kunal-jazzy/ros2_ws/install/ros_localization:/home/kunal-jazzy/ros2_ws/install/ros_gazebo:/home/kunal-jazzy/ros2_ws/install/ros_bringup:/home/kunal-jazzy/ros2_ws/install/mecanum_drive_controller:/home/kunal-jazzy/ROS2-Camera-Visualization/install/four_worlds:/home/kunal-jazzy/ROS2-Camera-Visualization/install/four_control_bringup:/home/kunal-jazzy/ROS2-Camera-Visualization/install/four_wheel_description:/home/kunal-jazzy/ros2_arm/install/ros2_arm:/home/kunal-jazzy/ros2_arm/install/arm_description:/opt/ros/jazzy/opt/gz_sim_vendor:/opt/ros/jazzy/opt/gz_sensors_vendor:/opt/ros/jazzy/opt/gz_physics_vendor:/opt/ros/jazzy/opt/sdformat_vendor:/opt/ros/jazzy/opt/gz_gui_vendor:/opt/ros/jazzy/opt/gz_transport_vendor:/opt/ros/jazzy/opt/gz_rendering_vendor:/opt/ros/jazzy/opt/gz_plugin_vendor:/opt/ros/jazzy/opt/gz_fuel_tools_vendor:/opt/ros/jazzy/opt/gz_msgs_vendor:/opt/ros/jazzy/opt/gz_common_vendor:/opt/ros/jazzy/opt/gz_math_vendor:/opt/ros/jazzy/opt/gz_utils_vendor:/opt/ros/jazzy/opt/gz_tools_vendor:/opt/ros/jazzy/opt/gz_ogre_next_vendor:/opt/ros/jazzy/opt/gz_dartsim_vendor:/opt/ros/jazzy/opt/gz_cmake_vendor:/home/kunal-jazzy/ROS2-Camera-Visualization/install/four_control:/opt/ros/jazzy DEBUGINFOD_URLS=https://debuginfod.ubuntu.com /usr/bin/cmake --install /home/kunal-jazzy/edge_ws/build/edge_robot_bringup
[0.526s] Level 1:colcon.colcon_core.environment:checking '/home/kunal-jazzy/edge_ws/install/edge_robot_bringup' for CMake config files
[0.527s] Level 1:colcon.colcon_core.shell:create_environment_hook('edge_robot_bringup', 'cmake_prefix_path')
[0.527s] INFO:colcon.colcon_core.shell:Creating environment hook '/home/kunal-jazzy/edge_ws/install/edge_robot_bringup/share/edge_robot_bringup/hook/cmake_prefix_path.ps1'
[0.528s] INFO:colcon.colcon_core.shell:Creating environment descriptor '/home/kunal-jazzy/edge_ws/install/edge_robot_bringup/share/edge_robot_bringup/hook/cmake_prefix_path.dsv'
[0.528s] INFO:colcon.colcon_core.shell:Creating environment hook '/home/kunal-jazzy/edge_ws/install/edge_robot_bringup/share/edge_robot_bringup/hook/cmake_prefix_path.sh'
[0.529s] Level 1:colcon.colcon_core.environment:checking '/home/kunal-jazzy/edge_ws/install/edge_robot_bringup/bin'
[0.529s] Level 1:colcon.colcon_core.environment:checking '/home/kunal-jazzy/edge_ws/install/edge_robot_bringup/lib/pkgconfig/edge_robot_bringup.pc'
[0.529s] Level 1:colcon.colcon_core.environment:checking '/home/kunal-jazzy/edge_ws/install/edge_robot_bringup/lib/python3.12/site-packages'
[0.530s] Level 1:colcon.colcon_core.environment:checking '/home/kunal-jazzy/edge_ws/install/edge_robot_bringup/bin'
[0.530s] INFO:colcon.colcon_core.shell:Creating package script '/home/kunal-jazzy/edge_ws/install/edge_robot_bringup/share/edge_robot_bringup/package.ps1'
[0.531s] INFO:colcon.colcon_core.shell:Creating package descriptor '/home/kunal-jazzy/edge_ws/install/edge_robot_bringup/share/edge_robot_bringup/package.dsv'
[0.531s] INFO:colcon.colcon_core.shell:Creating package script '/home/kunal-jazzy/edge_ws/install/edge_robot_bringup/share/edge_robot_bringup/package.sh'
[0.532s] INFO:colcon.colcon_core.shell:Creating package script '/home/kunal-jazzy/edge_ws/install/edge_robot_bringup/share/edge_robot_bringup/package.bash'
[0.532s] INFO:colcon.colcon_core.shell:Creating package script '/home/kunal-jazzy/edge_ws/install/edge_robot_bringup/share/edge_robot_bringup/package.zsh'
[0.533s] Level 1:colcon.colcon_core.environment:create_file_with_runtime_dependencies(/home/kunal-jazzy/edge_ws/install/edge_robot_bringup/share/colcon-core/packages/edge_robot_bringup)
[0.533s] Level 1:colcon.colcon_core.environment:create_environment_scripts_only(edge_robot_bringup)
[0.533s] Level 1:colcon.colcon_core.environment:checking '/home/kunal-jazzy/edge_ws/install/edge_robot_bringup' for CMake module files
[0.534s] Level 1:colcon.colcon_core.environment:checking '/home/kunal-jazzy/edge_ws/install/edge_robot_bringup' for CMake config files
[0.534s] Level 1:colcon.colcon_core.shell:create_environment_hook('edge_robot_bringup', 'cmake_prefix_path')
[0.535s] INFO:colcon.colcon_core.shell:Creating environment hook '/home/kunal-jazzy/edge_ws/install/edge_robot_bringup/share/edge_robot_bringup/hook/cmake_prefix_path.ps1'
[0.535s] INFO:colcon.colcon_core.shell:Creating environment descriptor '/home/kunal-jazzy/edge_ws/install/edge_robot_bringup/share/edge_robot_bringup/hook/cmake_prefix_path.dsv'
[0.535s] INFO:colcon.colcon_core.shell:Creating environment hook '/home/kunal-jazzy/edge_ws/install/edge_robot_bringup/share/edge_robot_bringup/hook/cmake_prefix_path.sh'
[0.536s] Level 1:colcon.colcon_core.environment:checking '/home/kunal-jazzy/edge_ws/install/edge_robot_bringup/bin'
[0.536s] Level 1:colcon.colcon_core.environment:checking '/home/kunal-jazzy/edge_ws/install/edge_robot_bringup/lib/pkgconfig/edge_robot_bringup.pc'
[0.537s] Level 1:colcon.colcon_core.environment:checking '/home/kunal-jazzy/edge_ws/install/edge_robot_bringup/lib/python3.12/site-packages'
[0.537s] Level 1:colcon.colcon_core.environment:checking '/home/kunal-jazzy/edge_ws/install/edge_robot_bringup/bin'
[0.537s] INFO:colcon.colcon_core.shell:Creating package script '/home/kunal-jazzy/edge_ws/install/edge_robot_bringup/share/edge_robot_bringup/package.ps1'
[0.538s] INFO:colcon.colcon_core.shell:Creating package descriptor '/home/kunal-jazzy/edge_ws/install/edge_robot_bringup/share/edge_robot_bringup/package.dsv'
[0.539s] INFO:colcon.colcon_core.shell:Creating package script '/home/kunal-jazzy/edge_ws/install/edge_robot_bringup/share/edge_robot_bringup/package.sh'
[0.539s] INFO:colcon.colcon_core.shell:Creating package script '/home/kunal-jazzy/edge_ws/install/edge_robot_bringup/share/edge_robot_bringup/package.bash'
[0.540s] INFO:colcon.colcon_core.shell:Creating package script '/home/kunal-jazzy/edge_ws/install/edge_robot_bringup/share/edge_robot_bringup/package.zsh'
[0.540s] Level 1:colcon.colcon_core.environment:create_file_with_runtime_dependencies(/home/kunal-jazzy/edge_ws/install/edge_robot_bringup/share/colcon-core/packages/edge_robot_bringup)
[0.540s] INFO:colcon.colcon_ros.task.ament_cmake.build:Building ROS package in '/home/kunal-jazzy/edge_ws/src/edge_ws' with build type 'ament_cmake'
[0.541s] INFO:colcon.colcon_cmake.task.cmake.build:Building CMake package in '/home/kunal-jazzy/edge_ws/src/edge_ws'
[0.541s] INFO:colcon.colcon_core.shell:Skip shell extension 'powershell' for command environment: Not usable outside of PowerShell
[0.541s] DEBUG:colcon.colcon_core.shell:Skip shell extension 'dsv' for command environment
[0.558s] DEBUG:colcon.colcon_core.event_handler.log_command:Invoking command in '/home/kunal-jazzy/edge_ws/build/edge_ws': CMAKE_PREFIX_PATH=/home/kunal-jazzy/edge_ws/install/edge_robot_bringup:/home/kunal-jazzy/edge_ws/install/edge_robot_description:/home/kunal-jazzy/edge_ws/install/edge_ws:/home/kunal-jazzy/ros2_ws/install/ros2_ws:/home/kunal-jazzy/ros2_ws/install/system_tests:/home/kunal-jazzy/ros2_ws/install/rosmaster_description:/home/kunal-jazzy/ros2_ws/install/ros_navigation:/home/kunal-jazzy/ros2_ws/install/ros_localization:/home/kunal-jazzy/ros2_ws/install/ros_gazebo:/home/kunal-jazzy/ros2_ws/install/ros_bringup:/home/kunal-jazzy/ros2_ws/install/mecanum_drive_controller:/home/kunal-jazzy/ROS2-Camera-Visualization/install/four_worlds:/home/kunal-jazzy/ROS2-Camera-Visualization/install/four_control_bringup:/home/kunal-jazzy/ROS2-Camera-Visualization/install/four_wheel_description:/home/kunal-jazzy/ros2_arm/install/ros2_arm:/home/kunal-jazzy/ros2_arm/install/arm_description:/opt/ros/jazzy/opt/gz_sim_vendor:/opt/ros/jazzy/opt/gz_sensors_vendor:/opt/ros/jazzy/opt/gz_physics_vendor:/opt/ros/jazzy/opt/sdformat_vendor:/opt/ros/jazzy/opt/gz_gui_vendor:/opt/ros/jazzy/opt/gz_transport_vendor:/opt/ros/jazzy/opt/gz_rendering_vendor:/opt/ros/jazzy/opt/gz_plugin_vendor:/opt/ros/jazzy/opt/gz_fuel_tools_vendor:/opt/ros/jazzy/opt/gz_msgs_vendor:/opt/ros/jazzy/opt/gz_common_vendor:/opt/ros/jazzy/opt/gz_math_vendor:/opt/ros/jazzy/opt/gz_utils_vendor:/opt/ros/jazzy/opt/gz_tools_vendor:/opt/ros/jazzy/opt/gz_ogre_next_vendor:/opt/ros/jazzy/opt/gz_dartsim_vendor:/opt/ros/jazzy/opt/gz_cmake_vendor:/home/kunal-jazzy/ROS2-Camera-Visualization/install/four_control:/opt/ros/jazzy DEBUGINFOD_URLS=https://debuginfod.ubuntu.com /usr/bin/cmake --build /home/kunal-jazzy/edge_ws/build/edge_ws -- -j12 -l12
[0.621s] DEBUG:colcon.colcon_core.event_handler.log_command:Invoked command in '/home/kunal-jazzy/edge_ws/build/edge_ws' returned '0': CMAKE_PREFIX_PATH=/home/kunal-jazzy/edge_ws/install/edge_robot_bringup:/home/kunal-jazzy/edge_ws/install/edge_robot_description:/home/kunal-jazzy/edge_ws/install/edge_ws:/home/kunal-jazzy/ros2_ws/install/ros2_ws:/home/kunal-jazzy/ros2_ws/install/system_tests:/home/kunal-jazzy/ros2_ws/install/rosmaster_description:/home/kunal-jazzy/ros2_ws/install/ros_navigation:/home/kunal-jazzy/ros2_ws/install/ros_localization:/home/kunal-jazzy/ros2_ws/install/ros_gazebo:/home/kunal-jazzy/ros2_ws/install/ros_bringup:/home/kunal-jazzy/ros2_ws/install/mecanum_drive_controller:/home/kunal-jazzy/ROS2-Camera-Visualization/install/four_worlds:/home/kunal-jazzy/ROS2-Camera-Visualization/install/four_control_bringup:/home/kunal-jazzy/ROS2-Camera-Visualization/install/four_wheel_description:/home/kunal-jazzy/ros2_arm/install/ros2_arm:/home/kunal-jazzy/ros2_arm/install/arm_description:/opt/ros/jazzy/opt/gz_sim_vendor:/opt/ros/jazzy/opt/gz_sensors_vendor:/opt/ros/jazzy/opt/gz_physics_vendor:/opt/ros/jazzy/opt/sdformat_vendor:/opt/ros/jazzy/opt/gz_gui_vendor:/opt/ros/jazzy/opt/gz_transport_vendor:/opt/ros/jazzy/opt/gz_rendering_vendor:/opt/ros/jazzy/opt/gz_plugin_vendor:/opt/ros/jazzy/opt/gz_fuel_tools_vendor:/opt/ros/jazzy/opt/gz_msgs_vendor:/opt/ros/jazzy/opt/gz_common_vendor:/opt/ros/jazzy/opt/gz_math_vendor:/opt/ros/jazzy/opt/gz_utils_vendor:/opt/ros/jazzy/opt/gz_tools_vendor:/opt/ros/jazzy/opt/gz_ogre_next_vendor:/opt/ros/jazzy/opt/gz_dartsim_vendor:/opt/ros/jazzy/opt/gz_cmake_vendor:/home/kunal-jazzy/ROS2-Camera-Visualization/install/four_control:/opt/ros/jazzy DEBUGINFOD_URLS=https://debuginfod.ubuntu.com /usr/bin/cmake --build /home/kunal-jazzy/edge_ws/build/edge_ws -- -j12 -l12
[0.622s] DEBUG:colcon.colcon_core.event_handler.log_command:Invoking command in '/home/kunal-jazzy/edge_ws/build/edge_ws': CMAKE_PREFIX_PATH=/home/kunal-jazzy/edge_ws/install/edge_robot_bringup:/home/kunal-jazzy/edge_ws/install/edge_robot_description:/home/kunal-jazzy/edge_ws/install/edge_ws:/home/kunal-jazzy/ros2_ws/install/ros2_ws:/home/kunal-jazzy/ros2_ws/install/system_tests:/home/kunal-jazzy/ros2_ws/install/rosmaster_description:/home/kunal-jazzy/ros2_ws/install/ros_navigation:/home/kunal-jazzy/ros2_ws/install/ros_localization:/home/kunal-jazzy/ros2_ws/install/ros_gazebo:/home/kunal-jazzy/ros2_ws/install/ros_bringup:/home/kunal-jazzy/ros2_ws/install/mecanum_drive_controller:/home/kunal-jazzy/ROS2-Camera-Visualization/install/four_worlds:/home/kunal-jazzy/ROS2-Camera-Visualization/install/four_control_bringup:/home/kunal-jazzy/ROS2-Camera-Visualization/install/four_wheel_description:/home/kunal-jazzy/ros2_arm/install/ros2_arm:/home/kunal-jazzy/ros2_arm/install/arm_description:/opt/ros/jazzy/opt/gz_sim_vendor:/opt/ros/jazzy/opt/gz_sensors_vendor:/opt/ros/jazzy/opt/gz_physics_vendor:/opt/ros/jazzy/opt/sdformat_vendor:/opt/ros/jazzy/opt/gz_gui_vendor:/opt/ros/jazzy/opt/gz_transport_vendor:/opt/ros/jazzy/opt/gz_rendering_vendor:/opt/ros/jazzy/opt/gz_plugin_vendor:/opt/ros/jazzy/opt/gz_fuel_tools_vendor:/opt/ros/jazzy/opt/gz_msgs_vendor:/opt/ros/jazzy/opt/gz_common_vendor:/opt/ros/jazzy/opt/gz_math_vendor:/opt/ros/jazzy/opt/gz_utils_vendor:/opt/ros/jazzy/opt/gz_tools_vendor:/opt/ros/jazzy/opt/gz_ogre_next_vendor:/opt/ros/jazzy/opt/gz_dartsim_vendor:/opt/ros/jazzy/opt/gz_cmake_vendor:/home/kunal-jazzy/ROS2-Camera-Visualization/install/four_control:/opt/ros/jazzy DEBUGINFOD_URLS=https://debuginfod.ubuntu.com /usr/bin/cmake --install /home/kunal-jazzy/edge_ws/build/edge_ws
[0.641s] Level 1:colcon.colcon_core.environment:create_environment_scripts_only(edge_ws)
[0.641s] Level 1:colcon.colcon_core.environment:checking '/home/kunal-jazzy/edge_ws/install/edge_ws' for CMake module files
[0.642s] DEBUG:colcon.colcon_core.event_handler.log_command:Invoked command in '/home/kunal-jazzy/edge_ws/build/edge_ws' returned '0': CMAKE_PREFIX_PATH=/home/kunal-jazzy/edge_ws/install/edge_robot_bringup:/home/kunal-jazzy/edge_ws/install/edge_robot_description:/home/kunal-jazzy/edge_ws/install/edge_ws:/home/kunal-jazzy/ros2_ws/install/ros2_ws:/home/kunal-jazzy/ros2_ws/install/system_tests:/home/kunal-jazzy/ros2_ws/install/rosmaster_description:/home/kunal-jazzy/ros2_ws/install/ros_navigation:/home/kunal-jazzy/ros2_ws/install/ros_localization:/home/kunal-jazzy/ros2_ws/install/ros_gazebo:/home/kunal-jazzy/ros2_ws/install/ros_bringup:/home/kunal-jazzy/ros2_ws/install/mecanum_drive_controller:/home/kunal-jazzy/ROS2-Camera-Visualization/install/four_worlds:/home/kunal-jazzy/ROS2-Camera-Visualization/install/four_control_bringup:/home/kunal-jazzy/ROS2-Camera-Visualization/install/four_wheel_description:/home/kunal-jazzy/ros2_arm/install/ros2_arm:/home/kunal-jazzy/ros2_arm/install/arm_description:/opt/ros/jazzy/opt/gz_sim_vendor:/opt/ros/jazzy/opt/gz_sensors_vendor:/opt/ros/jazzy/opt/gz_physics_vendor:/opt/ros/jazzy/opt/sdformat_vendor:/opt/ros/jazzy/opt/gz_gui_vendor:/opt/ros/jazzy/opt/gz_transport_vendor:/opt/ros/jazzy/opt/gz_rendering_vendor:/opt/ros/jazzy/opt/gz_plugin_vendor:/opt/ros/jazzy/opt/gz_fuel_tools_vendor:/opt/ros/jazzy/opt/gz_msgs_vendor:/opt/ros/jazzy/opt/gz_common_vendor:/opt/ros/jazzy/opt/gz_math_vendor:/opt/ros/jazzy/opt/gz_utils_vendor:/opt/ros/jazzy/opt/gz_tools_vendor:/opt/ros/jazzy/opt/gz_ogre_next_vendor:/opt/ros/jazzy/opt/gz_dartsim_vendor:/opt/ros/jazzy/opt/gz_cmake_vendor:/home/kunal-jazzy/ROS2-Camera-Visualization/install/four_control:/opt/ros/jazzy DEBUGINFOD_URLS=https://debuginfod.ubuntu.com /usr/bin/cmake --install /home/kunal-jazzy/edge_ws/build/edge_ws
[0.643s] Level 1:colcon.colcon_core.environment:checking '/home/kunal-jazzy/edge_ws/install/edge_ws' for CMake config files
[0.643s] Level 1:colcon.colcon_core.shell:create_environment_hook('edge_ws', 'cmake_prefix_path')
[0.643s] INFO:colcon.colcon_core.shell:Creating environment hook '/home/kunal-jazzy/edge_ws/install/edge_ws/share/edge_ws/hook/cmake_prefix_path.ps1'
[0.644s] INFO:colcon.colcon_core.shell:Creating environment descriptor '/home/kunal-jazzy/edge_ws/install/edge_ws/share/edge_ws/hook/cmake_prefix_path.dsv'
[0.645s] INFO:colcon.colcon_core.shell:Creating environment hook '/home/kunal-jazzy/edge_ws/install/edge_ws/share/edge_ws/hook/cmake_prefix_path.sh'
[0.646s] Level 1:colcon.colcon_core.environment:checking '/home/kunal-jazzy/edge_ws/install/edge_ws/bin'
[0.646s] Level 1:colcon.colcon_core.environment:checking '/home/kunal-jazzy/edge_ws/install/edge_ws/lib/pkgconfig/edge_ws.pc'
[0.646s] Level 1:colcon.colcon_core.environment:checking '/home/kunal-jazzy/edge_ws/install/edge_ws/lib/python3.12/site-packages'
[0.647s] Level 1:colcon.colcon_core.environment:checking '/home/kunal-jazzy/edge_ws/install/edge_ws/bin'
[0.648s] INFO:colcon.colcon_core.shell:Creating package script '/home/kunal-jazzy/edge_ws/install/edge_ws/share/edge_ws/package.ps1'
[0.648s] INFO:colcon.colcon_core.shell:Creating package descriptor '/home/kunal-jazzy/edge_ws/install/edge_ws/share/edge_ws/package.dsv'
[0.649s] INFO:colcon.colcon_core.shell:Creating package script '/home/kunal-jazzy/edge_ws/install/edge_ws/share/edge_ws/package.sh'
[0.649s] INFO:colcon.colcon_core.shell:Creating package script '/home/kunal-jazzy/edge_ws/install/edge_ws/share/edge_ws/package.bash'
[0.650s] INFO:colcon.colcon_core.shell:Creating package script '/home/kunal-jazzy/edge_ws/install/edge_ws/share/edge_ws/package.zsh'
[0.650s] Level 1:colcon.colcon_core.environment:create_file_with_runtime_dependencies(/home/kunal-jazzy/edge_ws/install/edge_ws/share/colcon-core/packages/edge_ws)
[0.651s] Level 1:colcon.colcon_core.environment:create_environment_scripts_only(edge_ws)
[0.651s] Level 1:colcon.colcon_core.environment:checking '/home/kunal-jazzy/edge_ws/install/edge_ws' for CMake module files
[0.651s] Level 1:colcon.colcon_core.environment:checking '/home/kunal-jazzy/edge_ws/install/edge_ws' for CMake config files
[0.652s] Level 1:colcon.colcon_core.shell:create_environment_hook('edge_ws', 'cmake_prefix_path')
[0.652s] INFO:colcon.colcon_core.shell:Creating environment hook '/home/kunal-jazzy/edge_ws/install/edge_ws/share/edge_ws/hook/cmake_prefix_path.ps1'
[0.652s] INFO:colcon.colcon_core.shell:Creating environment descriptor '/home/kunal-jazzy/edge_ws/install/edge_ws/share/edge_ws/hook/cmake_prefix_path.dsv'
[0.653s] INFO:colcon.colcon_core.shell:Creating environment hook '/home/kunal-jazzy/edge_ws/install/edge_ws/share/edge_ws/hook/cmake_prefix_path.sh'
[0.653s] Level 1:colcon.colcon_core.environment:checking '/home/kunal-jazzy/edge_ws/install/edge_ws/bin'
[0.654s] Level 1:colcon.colcon_core.environment:checking '/home/kunal-jazzy/edge_ws/install/edge_ws/lib/pkgconfig/edge_ws.pc'
[0.654s] Level 1:colcon.colcon_core.environment:checking '/home/kunal-jazzy/edge_ws/install/edge_ws/lib/python3.12/site-packages'
[0.654s] Level 1:colcon.colcon_core.environment:checking '/home/kunal-jazzy/edge_ws/install/edge_ws/bin'
[0.655s] INFO:colcon.colcon_core.shell:Creating package script '/home/kunal-jazzy/edge_ws/install/edge_ws/share/edge_ws/package.ps1'
[0.655s] INFO:colcon.colcon_core.shell:Creating package descriptor '/home/kunal-jazzy/edge_ws/install/edge_ws/share/edge_ws/package.dsv'
[0.656s] INFO:colcon.colcon_core.shell:Creating package script '/home/kunal-jazzy/edge_ws/install/edge_ws/share/edge_ws/package.sh'
[0.656s] INFO:colcon.colcon_core.shell:Creating package script '/home/kunal-jazzy/edge_ws/install/edge_ws/share/edge_ws/package.bash'
[0.657s] INFO:colcon.colcon_core.shell:Creating package script '/home/kunal-jazzy/edge_ws/install/edge_ws/share/edge_ws/package.zsh'
[0.657s] Level 1:colcon.colcon_core.environment:create_file_with_runtime_dependencies(/home/kunal-jazzy/edge_ws/install/edge_ws/share/colcon-core/packages/edge_ws)
[0.658s] DEBUG:colcon.colcon_parallel_executor.executor.parallel:closing loop
[0.658s] DEBUG:colcon.colcon_parallel_executor.executor.parallel:loop closed
[0.658s] DEBUG:colcon.colcon_parallel_executor.executor.parallel:run_until_complete finished with '0'
[0.658s] DEBUG:colcon.colcon_core.event_reactor:joining thread
[0.683s] INFO:colcon.colcon_core.plugin_system:Skipping extension 'colcon_notification.desktop_notification.terminal_notifier': Not used on non-Darwin systems
[0.683s] INFO:colcon.colcon_core.plugin_system:Skipping extension 'colcon_notification.desktop_notification.win32': Not used on non-Windows systems
[0.683s] INFO:colcon.colcon_notification.desktop_notification:Sending desktop notification using 'notify2'
[0.705s] DEBUG:colcon.colcon_core.event_reactor:joined thread
[0.705s] INFO:colcon.colcon_core.shell:Creating prefix script '/home/kunal-jazzy/edge_ws/install/local_setup.ps1'
[0.707s] INFO:colcon.colcon_core.shell:Creating prefix util module '/home/kunal-jazzy/edge_ws/install/_local_setup_util_ps1.py'
[0.709s] INFO:colcon.colcon_core.shell:Creating prefix chain script '/home/kunal-jazzy/edge_ws/install/setup.ps1'
[0.710s] INFO:colcon.colcon_core.shell:Creating prefix script '/home/kunal-jazzy/edge_ws/install/local_setup.sh'
[0.711s] INFO:colcon.colcon_core.shell:Creating prefix util module '/home/kunal-jazzy/edge_ws/install/_local_setup_util_sh.py'
[0.712s] INFO:colcon.colcon_core.shell:Creating prefix chain script '/home/kunal-jazzy/edge_ws/install/setup.sh'
[0.714s] INFO:colcon.colcon_core.shell:Creating prefix script '/home/kunal-jazzy/edge_ws/install/local_setup.bash'
[0.715s] INFO:colcon.colcon_core.shell:Creating prefix chain script '/home/kunal-jazzy/edge_ws/install/setup.bash'
[0.718s] INFO:colcon.colcon_core.shell:Creating prefix script '/home/kunal-jazzy/edge_ws/install/local_setup.zsh'
[0.718s] INFO:colcon.colcon_core.shell:Creating prefix chain script '/home/kunal-jazzy/edge_ws/install/setup.zsh'
