[0.021s] Invoking command in '/home/kunal-jazzy/edge_ws/build/edge_robot_description': CMAKE_PREFIX_PATH=${CMAKE_PREFIX_PATH}:/home/kunal-jazzy/edge_ws/install/robot_control:/home/kunal-jazzy/ROS2-Camera-Visualization/install/four_control:/opt/ros/jazzy DEBUGINFOD_URLS=https://debuginfod.ubuntu.com /usr/bin/cmake --build /home/kunal-jazzy/edge_ws/build/edge_robot_description -- -j12 -l12
[0.173s] Invoked command in '/home/kunal-jazzy/edge_ws/build/edge_robot_description' returned '0': CMAKE_PREFIX_PATH=${CMAKE_PREFIX_PATH}:/home/kunal-jazzy/edge_ws/install/robot_control:/home/kunal-jazzy/ROS2-Camera-Visualization/install/four_control:/opt/ros/jazzy DEBUGINFOD_URLS=https://debuginfod.ubuntu.com /usr/bin/cmake --build /home/kunal-jazzy/edge_ws/build/edge_robot_description -- -j12 -l12
[0.181s] Invoking command in '/home/kunal-jazzy/edge_ws/build/edge_robot_description': CMAKE_PREFIX_PATH=${CMAKE_PREFIX_PATH}:/home/kunal-jazzy/edge_ws/install/robot_control:/home/kunal-jazzy/ROS2-Camera-Visualization/install/four_control:/opt/ros/jazzy DEBUGINFOD_URLS=https://debuginfod.ubuntu.com /usr/bin/cmake --install /home/kunal-jazzy/edge_ws/build/edge_robot_description
[0.189s] -- Install configuration: ""
[0.189s] -- Up-to-date: /home/kunal-jazzy/edge_ws/install/edge_robot_description/share/edge_robot_description//rviz
[0.189s] -- Up-to-date: /home/kunal-jazzy/edge_ws/install/edge_robot_description/share/edge_robot_description//rviz/urdf_config.rviz
[0.189s] -- Up-to-date: /home/kunal-jazzy/edge_ws/install/edge_robot_description/share/edge_robot_description//rviz/visualization_config.rviz
[0.189s] -- Up-to-date: /home/kunal-jazzy/edge_ws/install/edge_robot_description/share/edge_robot_description//urdf
[0.190s] -- Up-to-date: /home/kunal-jazzy/edge_ws/install/edge_robot_description/share/edge_robot_description//urdf/parts
[0.190s] -- Up-to-date: /home/kunal-jazzy/edge_ws/install/edge_robot_description/share/edge_robot_description//urdf/parts/wheels
[0.190s] -- Up-to-date: /home/kunal-jazzy/edge_ws/install/edge_robot_description/share/edge_robot_description//urdf/parts/wheels/wheels.gazebo.xacro
[0.190s] -- Up-to-date: /home/kunal-jazzy/edge_ws/install/edge_robot_description/share/edge_robot_description//urdf/parts/wheels/wheels.xacro
[0.190s] -- Up-to-date: /home/kunal-jazzy/edge_ws/install/edge_robot_description/share/edge_robot_description//urdf/parts/base
[0.190s] -- Up-to-date: /home/kunal-jazzy/edge_ws/install/edge_robot_description/share/edge_robot_description//urdf/parts/base/base_link.xacro
[0.190s] -- Up-to-date: /home/kunal-jazzy/edge_ws/install/edge_robot_description/share/edge_robot_description//urdf/parts/base/base_link.gazebo.xacro
[0.190s] -- Up-to-date: /home/kunal-jazzy/edge_ws/install/edge_robot_description/share/edge_robot_description//urdf/parts/lidar
[0.190s] -- Up-to-date: /home/kunal-jazzy/edge_ws/install/edge_robot_description/share/edge_robot_description//urdf/parts/lidar/lidar.gazebo.xacro
[0.190s] -- Up-to-date: /home/kunal-jazzy/edge_ws/install/edge_robot_description/share/edge_robot_description//urdf/parts/lidar/lidar.xacro
[0.190s] -- Up-to-date: /home/kunal-jazzy/edge_ws/install/edge_robot_description/share/edge_robot_description//urdf/model_gazebo.xacro
[0.191s] -- Up-to-date: /home/kunal-jazzy/edge_ws/install/edge_robot_description/share/edge_robot_description//urdf/model.xacro
[0.191s] -- Up-to-date: /home/kunal-jazzy/edge_ws/install/edge_robot_description/share/edge_robot_description/rviz
[0.191s] -- Up-to-date: /home/kunal-jazzy/edge_ws/install/edge_robot_description/share/edge_robot_description/rviz/urdf_config.rviz
[0.191s] -- Up-to-date: /home/kunal-jazzy/edge_ws/install/edge_robot_description/share/edge_robot_description/rviz/visualization_config.rviz
[0.191s] -- Up-to-date: /home/kunal-jazzy/edge_ws/install/edge_robot_description/share/edge_robot_description/urdf
[0.191s] -- Up-to-date: /home/kunal-jazzy/edge_ws/install/edge_robot_description/share/edge_robot_description/urdf/parts
[0.191s] -- Up-to-date: /home/kunal-jazzy/edge_ws/install/edge_robot_description/share/edge_robot_description/urdf/parts/wheels
[0.191s] -- Up-to-date: /home/kunal-jazzy/edge_ws/install/edge_robot_description/share/edge_robot_description/urdf/parts/wheels/wheels.gazebo.xacro
[0.192s] -- Up-to-date: /home/kunal-jazzy/edge_ws/install/edge_robot_description/share/edge_robot_description/urdf/parts/wheels/wheels.xacro
[0.192s] -- Up-to-date: /home/kunal-jazzy/edge_ws/install/edge_robot_description/share/edge_robot_description/urdf/parts/base
[0.192s] -- Up-to-date: /home/kunal-jazzy/edge_ws/install/edge_robot_description/share/edge_robot_description/urdf/parts/base/base_link.xacro
[0.192s] -- Up-to-date: /home/kunal-jazzy/edge_ws/install/edge_robot_description/share/edge_robot_description/urdf/parts/base/base_link.gazebo.xacro
[0.192s] -- Up-to-date: /home/kunal-jazzy/edge_ws/install/edge_robot_description/share/edge_robot_description/urdf/parts/lidar
[0.192s] -- Up-to-date: /home/kunal-jazzy/edge_ws/install/edge_robot_description/share/edge_robot_description/urdf/parts/lidar/lidar.gazebo.xacro
[0.192s] -- Up-to-date: /home/kunal-jazzy/edge_ws/install/edge_robot_description/share/edge_robot_description/urdf/parts/lidar/lidar.xacro
[0.192s] -- Up-to-date: /home/kunal-jazzy/edge_ws/install/edge_robot_description/share/edge_robot_description/urdf/model_gazebo.xacro
[0.192s] -- Up-to-date: /home/kunal-jazzy/edge_ws/install/edge_robot_description/share/edge_robot_description/urdf/model.xacro
[0.193s] -- Up-to-date: /home/kunal-jazzy/edge_ws/install/edge_robot_description/share/ament_index/resource_index/package_run_dependencies/edge_robot_description
[0.193s] -- Up-to-date: /home/kunal-jazzy/edge_ws/install/edge_robot_description/share/ament_index/resource_index/parent_prefix_path/edge_robot_description
[0.193s] -- Up-to-date: /home/kunal-jazzy/edge_ws/install/edge_robot_description/share/edge_robot_description/environment/ament_prefix_path.sh
[0.193s] -- Up-to-date: /home/kunal-jazzy/edge_ws/install/edge_robot_description/share/edge_robot_description/environment/ament_prefix_path.dsv
[0.193s] -- Up-to-date: /home/kunal-jazzy/edge_ws/install/edge_robot_description/share/edge_robot_description/environment/path.sh
[0.193s] -- Up-to-date: /home/kunal-jazzy/edge_ws/install/edge_robot_description/share/edge_robot_description/environment/path.dsv
[0.193s] -- Up-to-date: /home/kunal-jazzy/edge_ws/install/edge_robot_description/share/edge_robot_description/local_setup.bash
[0.193s] -- Up-to-date: /home/kunal-jazzy/edge_ws/install/edge_robot_description/share/edge_robot_description/local_setup.sh
[0.193s] -- Up-to-date: /home/kunal-jazzy/edge_ws/install/edge_robot_description/share/edge_robot_description/local_setup.zsh
[0.193s] -- Up-to-date: /home/kunal-jazzy/edge_ws/install/edge_robot_description/share/edge_robot_description/local_setup.dsv
[0.194s] -- Installing: /home/kunal-jazzy/edge_ws/install/edge_robot_description/share/edge_robot_description/package.dsv
[0.194s] -- Up-to-date: /home/kunal-jazzy/edge_ws/install/edge_robot_description/share/ament_index/resource_index/packages/edge_robot_description
[0.194s] -- Up-to-date: /home/kunal-jazzy/edge_ws/install/edge_robot_description/share/edge_robot_description/cmake/edge_robot_descriptionConfig.cmake
[0.194s] -- Up-to-date: /home/kunal-jazzy/edge_ws/install/edge_robot_description/share/edge_robot_description/cmake/edge_robot_descriptionConfig-version.cmake
[0.194s] -- Up-to-date: /home/kunal-jazzy/edge_ws/install/edge_robot_description/share/edge_robot_description/package.xml
[0.194s] Invoked command in '/home/kunal-jazzy/edge_ws/build/edge_robot_description' returned '0': CMAKE_PREFIX_PATH=${CMAKE_PREFIX_PATH}:/home/kunal-jazzy/edge_ws/install/robot_control:/home/kunal-jazzy/ROS2-Camera-Visualization/install/four_control:/opt/ros/jazzy DEBUGINFOD_URLS=https://debuginfod.ubuntu.com /usr/bin/cmake --install /home/kunal-jazzy/edge_ws/build/edge_robot_description
