[0.593s] Invoking command in '/home/kunal-jazzy/edge_ws/src/robot_control': DEBUGINFOD_URLS=https://debuginfod.ubuntu.com PYTHONPATH=/home/kunal-jazzy/edge_ws/build/robot_control/prefix_override:/usr/lib/python3/dist-packages/colcon_core/task/python/colcon_distutils_commands:/home/kunal-jazzy/edge_ws/install/robot_control/lib/python3.12/site-packages:${PYTHONPATH} /usr/bin/python3 -W ignore:setup.py install is deprecated -W ignore:easy_install command is deprecated setup.py egg_info --egg-base ../../build/robot_control build --build-base /home/kunal-jazzy/edge_ws/build/robot_control/build install --record /home/kunal-jazzy/edge_ws/build/robot_control/install.log --single-version-externally-managed install_data
[0.774s] running egg_info
[0.786s] writing ../../build/robot_control/robot_control.egg-info/PKG-INFO
[0.786s] writing dependency_links to ../../build/robot_control/robot_control.egg-info/dependency_links.txt
[0.787s] writing entry points to ../../build/robot_control/robot_control.egg-info/entry_points.txt
[0.787s] writing requirements to ../../build/robot_control/robot_control.egg-info/requires.txt
[0.787s] writing top-level names to ../../build/robot_control/robot_control.egg-info/top_level.txt
[0.813s] reading manifest file '../../build/robot_control/robot_control.egg-info/SOURCES.txt'
[0.813s] adding license file 'LICENSE'
[0.813s] writing manifest file '../../build/robot_control/robot_control.egg-info/SOURCES.txt'
[0.814s] running build
[0.814s] running build_py
[0.814s] copying robot_control/__init__.py -> /home/kunal-jazzy/edge_ws/build/robot_control/build/lib/robot_control
[0.814s] copying robot_control/edge_avoid.py -> /home/kunal-jazzy/edge_ws/build/robot_control/build/lib/robot_control
[0.814s] running install
[0.818s] running install_lib
[0.832s] copying /home/kunal-jazzy/edge_ws/build/robot_control/build/lib/robot_control/__init__.py -> /home/kunal-jazzy/edge_ws/install/robot_control/lib/python3.12/site-packages/robot_control
[0.832s] copying /home/kunal-jazzy/edge_ws/build/robot_control/build/lib/robot_control/edge_avoid.py -> /home/kunal-jazzy/edge_ws/install/robot_control/lib/python3.12/site-packages/robot_control
[0.832s] byte-compiling /home/kunal-jazzy/edge_ws/install/robot_control/lib/python3.12/site-packages/robot_control/__init__.py to __init__.cpython-312.pyc
[0.832s] byte-compiling /home/kunal-jazzy/edge_ws/install/robot_control/lib/python3.12/site-packages/robot_control/edge_avoid.py to edge_avoid.cpython-312.pyc
[0.832s] running install_data
[0.832s] copying resource/robot_control -> /home/kunal-jazzy/edge_ws/install/robot_control/share/ament_index/resource_index/packages
[0.832s] copying package.xml -> /home/kunal-jazzy/edge_ws/install/robot_control/share/robot_control
[0.832s] running install_egg_info
[0.847s] removing '/home/kunal-jazzy/edge_ws/install/robot_control/lib/python3.12/site-packages/robot_control-0.0.0-py3.12.egg-info' (and everything under it)
[0.847s] Copying ../../build/robot_control/robot_control.egg-info to /home/kunal-jazzy/edge_ws/install/robot_control/lib/python3.12/site-packages/robot_control-0.0.0-py3.12.egg-info
[0.848s] running install_scripts
[0.936s] Installing edge_avoid script to /home/kunal-jazzy/edge_ws/install/robot_control/lib/robot_control
[0.936s] writing list of installed files to '/home/kunal-jazzy/edge_ws/build/robot_control/install.log'
[0.955s] Invoked command in '/home/kunal-jazzy/edge_ws/src/robot_control' returned '0': DEBUGINFOD_URLS=https://debuginfod.ubuntu.com PYTHONPATH=/home/kunal-jazzy/edge_ws/build/robot_control/prefix_override:/usr/lib/python3/dist-packages/colcon_core/task/python/colcon_distutils_commands:/home/kunal-jazzy/edge_ws/install/robot_control/lib/python3.12/site-packages:${PYTHONPATH} /usr/bin/python3 -W ignore:setup.py install is deprecated -W ignore:easy_install command is deprecated setup.py egg_info --egg-base ../../build/robot_control build --build-base /home/kunal-jazzy/edge_ws/build/robot_control/build install --record /home/kunal-jazzy/edge_ws/build/robot_control/install.log --single-version-externally-managed install_data
