[0.015s] Invoking command in '/home/kunal-jazzy/edge_ws/build/edge_robot_description': CMAKE_PREFIX_PATH=${CMAKE_PREFIX_PATH}:/home/kunal-jazzy/ROS2-Camera-Visualization/install/four_control:/opt/ros/jazzy DEBUGINFOD_URLS=https://debuginfod.ubuntu.com /usr/bin/cmake --build /home/kunal-jazzy/edge_ws/build/edge_robot_description -- -j12 -l12
[0.052s] -- Found ament_cmake: 2.5.5 (/opt/ros/jazzy/share/ament_cmake/cmake)
[0.370s] -- Found ament_lint_auto: 0.17.4 (/opt/ros/jazzy/share/ament_lint_auto/cmake)
[0.503s] -- Added test 'lint_cmake' to check CMake code style
[0.504s] -- Added test 'xmllint' to check XML markup files
[0.505s] -- Configuring done (0.5s)
[0.508s] -- Generating done (0.0s)
[0.510s] -- Build files have been written to: /home/kunal-jazzy/edge_ws/build/edge_robot_description
[0.547s] Invoked command in '/home/kunal-jazzy/edge_ws/build/edge_robot_description' returned '0': CMAKE_PREFIX_PATH=${CMAKE_PREFIX_PATH}:/home/kunal-jazzy/ROS2-Camera-Visualization/install/four_control:/opt/ros/jazzy DEBUGINFOD_URLS=https://debuginfod.ubuntu.com /usr/bin/cmake --build /home/kunal-jazzy/edge_ws/build/edge_robot_description -- -j12 -l12
[0.563s] Invoking command in '/home/kunal-jazzy/edge_ws/build/edge_robot_description': CMAKE_PREFIX_PATH=${CMAKE_PREFIX_PATH}:/home/kunal-jazzy/ROS2-Camera-Visualization/install/four_control:/opt/ros/jazzy DEBUGINFOD_URLS=https://debuginfod.ubuntu.com /usr/bin/cmake --install /home/kunal-jazzy/edge_ws/build/edge_robot_description
[0.575s] -- Install configuration: ""
[0.575s] -- Up-to-date: /home/kunal-jazzy/edge_ws/install/edge_robot_description/share/edge_robot_description//meshes
[0.575s] -- Up-to-date: /home/kunal-jazzy/edge_ws/install/edge_robot_description/share/edge_robot_description//meshes/STL
[0.575s] -- Up-to-date: /home/kunal-jazzy/edge_ws/install/edge_robot_description/share/edge_robot_description//meshes/STL/wheel_right.stl
[0.576s] -- Up-to-date: /home/kunal-jazzy/edge_ws/install/edge_robot_description/share/edge_robot_description//meshes/STL/wheel_left.stl
[0.576s] -- Up-to-date: /home/kunal-jazzy/edge_ws/install/edge_robot_description/share/edge_robot_description//meshes/STL/lidar.stl
[0.576s] -- Up-to-date: /home/kunal-jazzy/edge_ws/install/edge_robot_description/share/edge_robot_description//meshes/STL/camera.stl
[0.576s] -- Up-to-date: /home/kunal-jazzy/edge_ws/install/edge_robot_description/share/edge_robot_description//meshes/STL/main_frame.stl
[0.576s] -- Up-to-date: /home/kunal-jazzy/edge_ws/install/edge_robot_description/share/edge_robot_description//rviz
[0.576s] -- Up-to-date: /home/kunal-jazzy/edge_ws/install/edge_robot_description/share/edge_robot_description//rviz/urdf_config.rviz
[0.576s] -- Up-to-date: /home/kunal-jazzy/edge_ws/install/edge_robot_description/share/edge_robot_description//urdf
[0.576s] -- Up-to-date: /home/kunal-jazzy/edge_ws/install/edge_robot_description/share/edge_robot_description//urdf/common_properties.xacro
[0.576s] -- Up-to-date: /home/kunal-jazzy/edge_ws/install/edge_robot_description/share/edge_robot_description//urdf/lidar_new.xacro
[0.576s] -- Up-to-date: /home/kunal-jazzy/edge_ws/install/edge_robot_description/share/edge_robot_description//urdf/my_camera.xacro
[0.576s] -- Up-to-date: /home/kunal-jazzy/edge_ws/install/edge_robot_description/share/edge_robot_description//urdf/camera.xacro
[0.577s] -- Installing: /home/kunal-jazzy/edge_ws/install/edge_robot_description/share/edge_robot_description//urdf/rover.urdf.xacro
[0.577s] -- Installing: /home/kunal-jazzy/edge_ws/install/edge_robot_description/share/edge_robot_description//urdf/rover_base.xacro
[0.577s] -- Up-to-date: /home/kunal-jazzy/edge_ws/install/edge_robot_description/share/edge_robot_description//urdf/lidar.xacro
[0.577s] -- Up-to-date: /home/kunal-jazzy/edge_ws/install/edge_robot_description/share/edge_robot_description//urdf/rover_gazebo.xacro
[0.577s] -- Up-to-date: /home/kunal-jazzy/edge_ws/install/edge_robot_description/share/ament_index/resource_index/package_run_dependencies/edge_robot_description
[0.577s] -- Installing: /home/kunal-jazzy/edge_ws/install/edge_robot_description/share/ament_index/resource_index/parent_prefix_path/edge_robot_description
[0.577s] -- Up-to-date: /home/kunal-jazzy/edge_ws/install/edge_robot_description/share/edge_robot_description/environment/ament_prefix_path.sh
[0.577s] -- Up-to-date: /home/kunal-jazzy/edge_ws/install/edge_robot_description/share/edge_robot_description/environment/ament_prefix_path.dsv
[0.577s] -- Up-to-date: /home/kunal-jazzy/edge_ws/install/edge_robot_description/share/edge_robot_description/environment/path.sh
[0.577s] -- Up-to-date: /home/kunal-jazzy/edge_ws/install/edge_robot_description/share/edge_robot_description/environment/path.dsv
[0.577s] -- Up-to-date: /home/kunal-jazzy/edge_ws/install/edge_robot_description/share/edge_robot_description/local_setup.bash
[0.577s] -- Up-to-date: /home/kunal-jazzy/edge_ws/install/edge_robot_description/share/edge_robot_description/local_setup.sh
[0.578s] -- Up-to-date: /home/kunal-jazzy/edge_ws/install/edge_robot_description/share/edge_robot_description/local_setup.zsh
[0.578s] -- Up-to-date: /home/kunal-jazzy/edge_ws/install/edge_robot_description/share/edge_robot_description/local_setup.dsv
[0.578s] -- Installing: /home/kunal-jazzy/edge_ws/install/edge_robot_description/share/edge_robot_description/package.dsv
[0.578s] -- Up-to-date: /home/kunal-jazzy/edge_ws/install/edge_robot_description/share/ament_index/resource_index/packages/edge_robot_description
[0.578s] -- Up-to-date: /home/kunal-jazzy/edge_ws/install/edge_robot_description/share/edge_robot_description/cmake/edge_robot_descriptionConfig.cmake
[0.578s] -- Up-to-date: /home/kunal-jazzy/edge_ws/install/edge_robot_description/share/edge_robot_description/cmake/edge_robot_descriptionConfig-version.cmake
[0.578s] -- Up-to-date: /home/kunal-jazzy/edge_ws/install/edge_robot_description/share/edge_robot_description/package.xml
[0.579s] Invoked command in '/home/kunal-jazzy/edge_ws/build/edge_robot_description' returned '0': CMAKE_PREFIX_PATH=${CMAKE_PREFIX_PATH}:/home/kunal-jazzy/ROS2-Camera-Visualization/install/four_control:/opt/ros/jazzy DEBUGINFOD_URLS=https://debuginfod.ubuntu.com /usr/bin/cmake --install /home/kunal-jazzy/edge_ws/build/edge_robot_description
