[0.592s] Invoking command in '/home/kunal-jazzy/edge_ws/src/robot_control': DEBUGINFOD_URLS=https://debuginfod.ubuntu.com PYTHONPATH=/home/kunal-jazzy/edge_ws/build/robot_control/prefix_override:/usr/lib/python3/dist-packages/colcon_core/task/python/colcon_distutils_commands:/home/kunal-jazzy/edge_ws/install/robot_control/lib/python3.12/site-packages:${PYTHONPATH} /usr/bin/python3 -W ignore:setup.py install is deprecated -W ignore:easy_install command is deprecated setup.py egg_info --egg-base ../../build/robot_control build --build-base /home/kunal-jazzy/edge_ws/build/robot_control/build install --record /home/kunal-jazzy/edge_ws/build/robot_control/install.log --single-version-externally-managed install_data
[0.779s] running egg_info
[0.792s] writing ../../build/robot_control/robot_control.egg-info/PKG-INFO
[0.792s] writing dependency_links to ../../build/robot_control/robot_control.egg-info/dependency_links.txt
[0.792s] writing entry points to ../../build/robot_control/robot_control.egg-info/entry_points.txt
[0.792s] writing requirements to ../../build/robot_control/robot_control.egg-info/requires.txt
[0.792s] writing top-level names to ../../build/robot_control/robot_control.egg-info/top_level.txt
[0.820s] reading manifest file '../../build/robot_control/robot_control.egg-info/SOURCES.txt'
[0.820s] adding license file 'LICENSE'
[0.820s] writing manifest file '../../build/robot_control/robot_control.egg-info/SOURCES.txt'
[0.820s] running build
[0.820s] running build_py
[0.820s] copying robot_control/edge_avoid.py -> /home/kunal-jazzy/edge_ws/build/robot_control/build/lib/robot_control
[0.821s] running install
[0.825s] running install_lib
[0.838s] copying /home/kunal-jazzy/edge_ws/build/robot_control/build/lib/robot_control/edge_avoid.py -> /home/kunal-jazzy/edge_ws/install/robot_control/lib/python3.12/site-packages/robot_control
[0.839s] byte-compiling /home/kunal-jazzy/edge_ws/install/robot_control/lib/python3.12/site-packages/robot_control/edge_avoid.py to edge_avoid.cpython-312.pyc
[0.840s] running install_data
[0.840s] running install_egg_info
[0.855s] removing '/home/kunal-jazzy/edge_ws/install/robot_control/lib/python3.12/site-packages/robot_control-0.0.0-py3.12.egg-info' (and everything under it)
[0.855s] Copying ../../build/robot_control/robot_control.egg-info to /home/kunal-jazzy/edge_ws/install/robot_control/lib/python3.12/site-packages/robot_control-0.0.0-py3.12.egg-info
[0.855s] running install_scripts
[0.949s] Installing edge_avoid script to /home/kunal-jazzy/edge_ws/install/robot_control/lib/robot_control
[0.949s] writing list of installed files to '/home/kunal-jazzy/edge_ws/build/robot_control/install.log'
[0.970s] Invoked command in '/home/kunal-jazzy/edge_ws/src/robot_control' returned '0': DEBUGINFOD_URLS=https://debuginfod.ubuntu.com PYTHONPATH=/home/kunal-jazzy/edge_ws/build/robot_control/prefix_override:/usr/lib/python3/dist-packages/colcon_core/task/python/colcon_distutils_commands:/home/kunal-jazzy/edge_ws/install/robot_control/lib/python3.12/site-packages:${PYTHONPATH} /usr/bin/python3 -W ignore:setup.py install is deprecated -W ignore:easy_install command is deprecated setup.py egg_info --egg-base ../../build/robot_control build --build-base /home/kunal-jazzy/edge_ws/build/robot_control/build install --record /home/kunal-jazzy/edge_ws/build/robot_control/install.log --single-version-externally-managed install_data
