-- Install configuration: ""
-- Up-to-date: /home/kunal-jazzy/edge_ws/install/edge_robot_bringup/share/edge_robot_bringup//launch
-- Installing: /home/kunal-jazzy/edge_ws/install/edge_robot_bringup/share/edge_robot_bringup//launch/robot.launch.py
-- Up-to-date: /home/kunal-jazzy/edge_ws/install/edge_robot_bringup/share/edge_robot_bringup//config
-- Up-to-date: /home/kunal-jazzy/edge_ws/install/edge_robot_bringup/share/edge_robot_bringup//config/gazebo_bridge.yaml
-- Up-to-date: /home/kunal-jazzy/edge_ws/install/edge_robot_bringup/share/edge_robot_bringup//world
-- Up-to-date: /home/kunal-jazzy/edge_ws/install/edge_robot_bringup/share/edge_robot_bringup//world/table.sdf
-- Up-to-date: /home/kunal-jazzy/edge_ws/install/edge_robot_bringup/share/edge_robot_bringup//world/indoor_robotics_lab.sdf
-- Up-to-date: /home/kunal-jazzy/edge_ws/install/edge_robot_bringup/share/ament_index/resource_index/package_run_dependencies/edge_robot_bringup
-- Up-to-date: /home/kunal-jazzy/edge_ws/install/edge_robot_bringup/share/ament_index/resource_index/parent_prefix_path/edge_robot_bringup
-- Up-to-date: /home/kunal-jazzy/edge_ws/install/edge_robot_bringup/share/edge_robot_bringup/environment/ament_prefix_path.sh
-- Up-to-date: /home/kunal-jazzy/edge_ws/install/edge_robot_bringup/share/edge_robot_bringup/environment/ament_prefix_path.dsv
-- Up-to-date: /home/kunal-jazzy/edge_ws/install/edge_robot_bringup/share/edge_robot_bringup/environment/path.sh
-- Up-to-date: /home/kunal-jazzy/edge_ws/install/edge_robot_bringup/share/edge_robot_bringup/environment/path.dsv
-- Up-to-date: /home/kunal-jazzy/edge_ws/install/edge_robot_bringup/share/edge_robot_bringup/local_setup.bash
-- Up-to-date: /home/kunal-jazzy/edge_ws/install/edge_robot_bringup/share/edge_robot_bringup/local_setup.sh
-- Up-to-date: /home/kunal-jazzy/edge_ws/install/edge_robot_bringup/share/edge_robot_bringup/local_setup.zsh
-- Up-to-date: /home/kunal-jazzy/edge_ws/install/edge_robot_bringup/share/edge_robot_bringup/local_setup.dsv
-- Installing: /home/kunal-jazzy/edge_ws/install/edge_robot_bringup/share/edge_robot_bringup/package.dsv
-- Up-to-date: /home/kunal-jazzy/edge_ws/install/edge_robot_bringup/share/ament_index/resource_index/packages/edge_robot_bringup
-- Up-to-date: /home/kunal-jazzy/edge_ws/install/edge_robot_bringup/share/edge_robot_bringup/cmake/edge_robot_bringupConfig.cmake
-- Up-to-date: /home/kunal-jazzy/edge_ws/install/edge_robot_bringup/share/edge_robot_bringup/cmake/edge_robot_bringupConfig-version.cmake
-- Up-to-date: /home/kunal-jazzy/edge_ws/install/edge_robot_bringup/share/edge_robot_bringup/package.xml
