[0.019s] Invoking command in '/home/kunal-jazzy/edge_ws/build/edge_robot_description': CMAKE_PREFIX_PATH=${CMAKE_PREFIX_PATH}:/home/kunal-jazzy/edge_ws/install/robot_control:/home/kunal-jazzy/ROS2-Camera-Visualization/install/four_control:/opt/ros/jazzy DEBUGINFOD_URLS=https://debuginfod.ubuntu.com /usr/bin/cmake --build /home/kunal-jazzy/edge_ws/build/edge_robot_description -- -j12 -l12
[0.065s] -- Found ament_cmake: 2.5.5 (/opt/ros/jazzy/share/ament_cmake/cmake)
[0.255s] -- Found ament_lint_auto: 0.17.4 (/opt/ros/jazzy/share/ament_lint_auto/cmake)
[0.333s] -- Added test 'lint_cmake' to check CMake code style
[0.334s] -- Added test 'xmllint' to check XML markup files
[0.336s] -- Configuring done (0.3s)
[0.345s] -- Generating done (0.0s)
[0.347s] -- Build files have been written to: /home/kunal-jazzy/edge_ws/build/edge_robot_description
[0.367s] Invoked command in '/home/kunal-jazzy/edge_ws/build/edge_robot_description' returned '0': CMAKE_PREFIX_PATH=${CMAKE_PREFIX_PATH}:/home/kunal-jazzy/edge_ws/install/robot_control:/home/kunal-jazzy/ROS2-Camera-Visualization/install/four_control:/opt/ros/jazzy DEBUGINFOD_URLS=https://debuginfod.ubuntu.com /usr/bin/cmake --build /home/kunal-jazzy/edge_ws/build/edge_robot_description -- -j12 -l12
[0.376s] Invoking command in '/home/kunal-jazzy/edge_ws/build/edge_robot_description': CMAKE_PREFIX_PATH=${CMAKE_PREFIX_PATH}:/home/kunal-jazzy/edge_ws/install/robot_control:/home/kunal-jazzy/ROS2-Camera-Visualization/install/four_control:/opt/ros/jazzy DEBUGINFOD_URLS=https://debuginfod.ubuntu.com /usr/bin/cmake --install /home/kunal-jazzy/edge_ws/build/edge_robot_description
[0.387s] -- Install configuration: ""
[0.388s] -- Up-to-date: /home/kunal-jazzy/edge_ws/install/edge_robot_description/share/edge_robot_description//rviz
[0.388s] -- Up-to-date: /home/kunal-jazzy/edge_ws/install/edge_robot_description/share/edge_robot_description//rviz/urdf_config.rviz
[0.388s] -- Up-to-date: /home/kunal-jazzy/edge_ws/install/edge_robot_description/share/edge_robot_description//rviz/visualization_config.rviz
[0.388s] -- Up-to-date: /home/kunal-jazzy/edge_ws/install/edge_robot_description/share/edge_robot_description//urdf
[0.388s] -- Installing: /home/kunal-jazzy/edge_ws/install/edge_robot_description/share/edge_robot_description//urdf/model.xacro
[0.389s] -- Up-to-date: /home/kunal-jazzy/edge_ws/install/edge_robot_description/share/ament_index/resource_index/package_run_dependencies/edge_robot_description
[0.389s] -- Installing: /home/kunal-jazzy/edge_ws/install/edge_robot_description/share/ament_index/resource_index/parent_prefix_path/edge_robot_description
[0.389s] -- Up-to-date: /home/kunal-jazzy/edge_ws/install/edge_robot_description/share/edge_robot_description/environment/ament_prefix_path.sh
[0.389s] -- Up-to-date: /home/kunal-jazzy/edge_ws/install/edge_robot_description/share/edge_robot_description/environment/ament_prefix_path.dsv
[0.390s] -- Up-to-date: /home/kunal-jazzy/edge_ws/install/edge_robot_description/share/edge_robot_description/environment/path.sh
[0.390s] -- Up-to-date: /home/kunal-jazzy/edge_ws/install/edge_robot_description/share/edge_robot_description/environment/path.dsv
[0.390s] -- Up-to-date: /home/kunal-jazzy/edge_ws/install/edge_robot_description/share/edge_robot_description/local_setup.bash
[0.390s] -- Up-to-date: /home/kunal-jazzy/edge_ws/install/edge_robot_description/share/edge_robot_description/local_setup.sh
[0.390s] -- Up-to-date: /home/kunal-jazzy/edge_ws/install/edge_robot_description/share/edge_robot_description/local_setup.zsh
[0.391s] -- Up-to-date: /home/kunal-jazzy/edge_ws/install/edge_robot_description/share/edge_robot_description/local_setup.dsv
[0.391s] -- Installing: /home/kunal-jazzy/edge_ws/install/edge_robot_description/share/edge_robot_description/package.dsv
[0.391s] -- Up-to-date: /home/kunal-jazzy/edge_ws/install/edge_robot_description/share/ament_index/resource_index/packages/edge_robot_description
[0.391s] -- Up-to-date: /home/kunal-jazzy/edge_ws/install/edge_robot_description/share/edge_robot_description/cmake/edge_robot_descriptionConfig.cmake
[0.391s] -- Up-to-date: /home/kunal-jazzy/edge_ws/install/edge_robot_description/share/edge_robot_description/cmake/edge_robot_descriptionConfig-version.cmake
[0.391s] -- Up-to-date: /home/kunal-jazzy/edge_ws/install/edge_robot_description/share/edge_robot_description/package.xml
[0.392s] Invoked command in '/home/kunal-jazzy/edge_ws/build/edge_robot_description' returned '0': CMAKE_PREFIX_PATH=${CMAKE_PREFIX_PATH}:/home/kunal-jazzy/edge_ws/install/robot_control:/home/kunal-jazzy/ROS2-Camera-Visualization/install/four_control:/opt/ros/jazzy DEBUGINFOD_URLS=https://debuginfod.ubuntu.com /usr/bin/cmake --install /home/kunal-jazzy/edge_ws/build/edge_robot_description
