[0.600s] Invoking command in '/home/kunal-jazzy/edge_ws/src/robot_control': DEBUGINFOD_URLS=https://debuginfod.ubuntu.com PYTHONPATH=/home/kunal-jazzy/edge_ws/build/robot_control/prefix_override:/usr/lib/python3/dist-packages/colcon_core/task/python/colcon_distutils_commands:/home/kunal-jazzy/edge_ws/install/robot_control/lib/python3.12/site-packages:${PYTHONPATH} /usr/bin/python3 -W ignore:setup.py install is deprecated -W ignore:easy_install command is deprecated setup.py egg_info --egg-base ../../build/robot_control build --build-base /home/kunal-jazzy/edge_ws/build/robot_control/build install --record /home/kunal-jazzy/edge_ws/build/robot_control/install.log --single-version-externally-managed install_data
[0.782s] running egg_info
[0.795s] writing ../../build/robot_control/robot_control.egg-info/PKG-INFO
[0.795s] writing dependency_links to ../../build/robot_control/robot_control.egg-info/dependency_links.txt
[0.795s] writing entry points to ../../build/robot_control/robot_control.egg-info/entry_points.txt
[0.795s] writing requirements to ../../build/robot_control/robot_control.egg-info/requires.txt
[0.796s] writing top-level names to ../../build/robot_control/robot_control.egg-info/top_level.txt
[0.822s] reading manifest file '../../build/robot_control/robot_control.egg-info/SOURCES.txt'
[0.822s] adding license file 'LICENSE'
[0.822s] writing manifest file '../../build/robot_control/robot_control.egg-info/SOURCES.txt'
[0.822s] running build
[0.823s] running build_py
[0.823s] copying robot_control/edge_avoid.py -> /home/kunal-jazzy/edge_ws/build/robot_control/build/lib/robot_control
[0.823s] running install
[0.827s] running install_lib
[0.840s] copying /home/kunal-jazzy/edge_ws/build/robot_control/build/lib/robot_control/edge_avoid.py -> /home/kunal-jazzy/edge_ws/install/robot_control/lib/python3.12/site-packages/robot_control
[0.841s] byte-compiling /home/kunal-jazzy/edge_ws/install/robot_control/lib/python3.12/site-packages/robot_control/edge_avoid.py to edge_avoid.cpython-312.pyc
[0.842s] running install_data
[0.842s] running install_egg_info
[0.856s] removing '/home/kunal-jazzy/edge_ws/install/robot_control/lib/python3.12/site-packages/robot_control-0.0.0-py3.12.egg-info' (and everything under it)
[0.856s] Copying ../../build/robot_control/robot_control.egg-info to /home/kunal-jazzy/edge_ws/install/robot_control/lib/python3.12/site-packages/robot_control-0.0.0-py3.12.egg-info
[0.856s] running install_scripts
[0.944s] Installing edge_avoid script to /home/kunal-jazzy/edge_ws/install/robot_control/lib/robot_control
[0.945s] writing list of installed files to '/home/kunal-jazzy/edge_ws/build/robot_control/install.log'
[0.965s] Invoked command in '/home/kunal-jazzy/edge_ws/src/robot_control' returned '0': DEBUGINFOD_URLS=https://debuginfod.ubuntu.com PYTHONPATH=/home/kunal-jazzy/edge_ws/build/robot_control/prefix_override:/usr/lib/python3/dist-packages/colcon_core/task/python/colcon_distutils_commands:/home/kunal-jazzy/edge_ws/install/robot_control/lib/python3.12/site-packages:${PYTHONPATH} /usr/bin/python3 -W ignore:setup.py install is deprecated -W ignore:easy_install command is deprecated setup.py egg_info --egg-base ../../build/robot_control build --build-base /home/kunal-jazzy/edge_ws/build/robot_control/build install --record /home/kunal-jazzy/edge_ws/build/robot_control/install.log --single-version-externally-managed install_data
